Using pre-set license
Built from '2022.3/release' branch; Version is '2022.3.48f1 (8bf49c377ebf) revision 9172124'; Using compiler version '192829333'; Build Type 'Release'
OS: 'Windows 11  (10.0.26100) 64bit Professional' Language: 'ru' Physical Memory: 7549 MB
BatchMode: 1, IsHumanControllingUs: 0, StartBugReporterOnCrash: 0, Is64bit: 1, IsPro: 1

COMMAND LINE ARGUMENTS:
D:\Unity\Unity Editor\2022.3.48f1\Editor\Unity.exe
-adb2
-batchMode
-noUpm
-name
AssetImportWorker15
-projectPath
D:/Programming/TeamProject/TeamPlatformer/TeamPlatformer
-logFile
Logs/AssetImportWorker15.log
-srvPort
53483
Successfully changed project path to: D:/Programming/TeamProject/TeamPlatformer/TeamPlatformer
D:/Programming/TeamProject/TeamPlatformer/TeamPlatformer
[UnityMemory] Configuration Parameters - Can be set up in boot.config
    "memorysetup-bucket-allocator-granularity=16"
    "memorysetup-bucket-allocator-bucket-count=8"
    "memorysetup-bucket-allocator-block-size=33554432"
    "memorysetup-bucket-allocator-block-count=8"
    "memorysetup-main-allocator-block-size=16777216"
    "memorysetup-thread-allocator-block-size=16777216"
    "memorysetup-gfx-main-allocator-block-size=16777216"
    "memorysetup-gfx-thread-allocator-block-size=16777216"
    "memorysetup-cache-allocator-block-size=4194304"
    "memorysetup-typetree-allocator-block-size=2097152"
    "memorysetup-profiler-bucket-allocator-granularity=16"
    "memorysetup-profiler-bucket-allocator-bucket-count=8"
    "memorysetup-profiler-bucket-allocator-block-size=33554432"
    "memorysetup-profiler-bucket-allocator-block-count=8"
    "memorysetup-profiler-allocator-block-size=16777216"
    "memorysetup-profiler-editor-allocator-block-size=1048576"
    "memorysetup-temp-allocator-size-main=16777216"
    "memorysetup-job-temp-allocator-block-size=2097152"
    "memorysetup-job-temp-allocator-block-size-background=1048576"
    "memorysetup-job-temp-allocator-reduction-small-platforms=262144"
    "memorysetup-allocator-temp-initial-block-size-main=262144"
    "memorysetup-allocator-temp-initial-block-size-worker=262144"
    "memorysetup-temp-allocator-size-background-worker=32768"
    "memorysetup-temp-allocator-size-job-worker=262144"
    "memorysetup-temp-allocator-size-preload-manager=33554432"
    "memorysetup-temp-allocator-size-nav-mesh-worker=65536"
    "memorysetup-temp-allocator-size-audio-worker=65536"
    "memorysetup-temp-allocator-size-cloud-worker=32768"
    "memorysetup-temp-allocator-size-gi-baking-worker=262144"
    "memorysetup-temp-allocator-size-gfx=262144"
Player connection [19260]  Target information:

Player connection [19260]  * "[IP] 26.19.223.162 [Port] 0 [Flags] 2 [Guid] 2571280281 [EditorId] 2571280281 [Version] 1048832 [Id] WindowsEditor(7,DESKTOP-CFREUVU) [Debug] 1 [PackageName] WindowsEditor [ProjectName] Editor" 

Player connection [19260]  * "[IP] 192.168.100.96 [Port] 0 [Flags] 2 [Guid] 2571280281 [EditorId] 2571280281 [Version] 1048832 [Id] WindowsEditor(7,DESKTOP-CFREUVU) [Debug] 1 [PackageName] WindowsEditor [ProjectName] Editor" 

Player connection [19260] Host joined multi-casting on [225.0.0.222:54997]...
Player connection [19260] Host joined alternative multi-casting on [225.0.0.222:34997]...
[PhysX] Initialized MultithreadedTaskDispatcher with 12 workers.
Refreshing native plugins compatible for Editor in 19.72 ms, found 4 plugins.
Preloading 0 native plugins for Editor in 0.00 ms.
Initialize engine version: 2022.3.48f1 (8bf49c377ebf)
[Subsystems] Discovering subsystems at path D:/Unity/Unity Editor/2022.3.48f1/Editor/Data/Resources/UnitySubsystems
[Subsystems] Discovering subsystems at path D:/Programming/TeamProject/TeamPlatformer/TeamPlatformer/Assets
GfxDevice: creating device client; threaded=0; jobified=0
Direct3D:
    Version:  Direct3D 11.0 [level 11.1]
    Renderer: NVIDIA GeForce GTX 1650 (ID=0x1f99)
    Vendor:   NVIDIA
    VRAM:     3937 MB
    Driver:   32.0.15.6109
Initialize mono
Mono path[0] = 'D:/Unity/Unity Editor/2022.3.48f1/Editor/Data/Managed'
Mono path[1] = 'D:/Unity/Unity Editor/2022.3.48f1/Editor/Data/MonoBleedingEdge/lib/mono/unityjit-win32'
Mono config path = 'D:/Unity/Unity Editor/2022.3.48f1/Editor/Data/MonoBleedingEdge/etc'
Using monoOptions --debugger-agent=transport=dt_socket,embedding=1,server=y,suspend=n,address=127.0.0.1:56524
Begin MonoManager ReloadAssembly
Registering precompiled unity dll's ...
Register platform support module: D:/Unity/Unity Editor/2022.3.48f1/Editor/Data/PlaybackEngines/WebGLSupport/UnityEditor.WebGL.Extensions.dll
Register platform support module: D:/Unity/Unity Editor/2022.3.48f1/Editor/Data/PlaybackEngines/WindowsStandaloneSupport/UnityEditor.WindowsStandalone.Extensions.dll
Registered in 0.007279 seconds.
- Loaded All Assemblies, in  0.496 seconds
Native extension for WindowsStandalone target not found
Native extension for WebGL target not found
Mono: successfully reloaded assembly
- Finished resetting the current domain, in  0.343 seconds
Domain Reload Profiling: 840ms
	BeginReloadAssembly (162ms)
		ExecutionOrderSort (0ms)
		DisableScriptedObjects (0ms)
		BackupInstance (0ms)
		ReleaseScriptingObjects (0ms)
		CreateAndSetChildDomain (1ms)
	RebuildCommonClasses (47ms)
	RebuildNativeTypeToScriptingClass (12ms)
	initialDomainReloadingComplete (72ms)
	LoadAllAssembliesAndSetupDomain (203ms)
		LoadAssemblies (162ms)
		RebuildTransferFunctionScriptingTraits (0ms)
		AnalyzeDomain (200ms)
			TypeCache.Refresh (197ms)
				TypeCache.ScanAssembly (178ms)
			ScanForSourceGeneratedMonoScriptInfo (1ms)
			ResolveRequiredComponents (1ms)
	FinalizeReload (344ms)
		ReleaseScriptCaches (0ms)
		RebuildScriptCaches (0ms)
		SetupLoadedEditorAssemblies (282ms)
			LogAssemblyErrors (0ms)
			InitializePlatformSupportModulesInManaged (12ms)
			SetLoadedEditorAssemblies (8ms)
			RefreshPlugins (0ms)
			BeforeProcessingInitializeOnLoad (3ms)
			ProcessInitializeOnLoadAttributes (197ms)
			ProcessInitializeOnLoadMethodAttributes (62ms)
			AfterProcessingInitializeOnLoad (0ms)
			EditorAssembliesLoaded (0ms)
		ExecutionOrderSort2 (0ms)
		AwakeInstancesAfterBackupRestoration (0ms)
========================================================================
Worker process is ready to serve import requests
Caller must complete domain reload
Begin MonoManager ReloadAssembly
- Loaded All Assemblies, in  0.995 seconds
Native extension for WindowsStandalone target not found
Native extension for WebGL target not found
Package Manager log level set to [2]
[Package Manager] Server::EnsureServerProcessIsRunning -- launch failed, reason: Unity was launched with the -noUpm command-line argument
[Package Manager] UpmClient::Send -- Unable to send message (not connected to UPM process).
[Package Manager] Cannot connect to Unity Package Manager local server
Mono: successfully reloaded assembly
- Finished resetting the current domain, in  0.844 seconds
Domain Reload Profiling: 1839ms
	BeginReloadAssembly (178ms)
		ExecutionOrderSort (0ms)
		DisableScriptedObjects (5ms)
		BackupInstance (0ms)
		ReleaseScriptingObjects (0ms)
		CreateAndSetChildDomain (27ms)
	RebuildCommonClasses (40ms)
	RebuildNativeTypeToScriptingClass (13ms)
	initialDomainReloadingComplete (49ms)
	LoadAllAssembliesAndSetupDomain (715ms)
		LoadAssemblies (584ms)
		RebuildTransferFunctionScriptingTraits (0ms)
		AnalyzeDomain (242ms)
			TypeCache.Refresh (202ms)
				TypeCache.ScanAssembly (180ms)
			ScanForSourceGeneratedMonoScriptInfo (28ms)
			ResolveRequiredComponents (11ms)
	FinalizeReload (845ms)
		ReleaseScriptCaches (0ms)
		RebuildScriptCaches (0ms)
		SetupLoadedEditorAssemblies (658ms)
			LogAssemblyErrors (0ms)
			InitializePlatformSupportModulesInManaged (6ms)
			SetLoadedEditorAssemblies (6ms)
			RefreshPlugins (0ms)
			BeforeProcessingInitializeOnLoad (84ms)
			ProcessInitializeOnLoadAttributes (473ms)
			ProcessInitializeOnLoadMethodAttributes (85ms)
			AfterProcessingInitializeOnLoad (3ms)
			EditorAssembliesLoaded (0ms)
		ExecutionOrderSort2 (0ms)
		AwakeInstancesAfterBackupRestoration (6ms)
Launched and connected shader compiler UnityShaderCompiler.exe after 0.08 seconds
Refreshing native plugins compatible for Editor in 4.45 ms, found 4 plugins.
Preloading 0 native plugins for Editor in 0.00 ms.
Unloading 5861 Unused Serialized files (Serialized files now loaded: 0)
Unloading 52 unused Assets / (0.6 MB). Loaded Objects now: 6323.
Memory consumption went from 223.6 MB to 223.0 MB.
Total: 5.172800 ms (FindLiveObjects: 0.583800 ms CreateObjectMapping: 0.230200 ms MarkObjects: 4.021200 ms  DeleteObjects: 0.335700 ms)

AssetImportParameters requested are different than current active one (requested -> active):
  custom:container-demuxer-ogg: 62fdf1f143b41e24485cea50d1cbac27 -> 
  custom:video-codec-MediaFoundation-h265: 746d11721c4dcdbdad8f713fa42b33f4 -> 
  custom:video-decoder-ogg-theora: a1e56fd34408186e4bbccfd4996cb3dc -> 
  custom:framework-win-MediaFoundation: 216162199b28c13a410421893ffa2e32 -> 
  custom:CustomObjectIndexerAttribute: 72b91833f83ae208fae7752999fa3104 -> 
  custom:container-demuxer-webm: 4f35f7cbe854078d1ac9338744f61a02 -> 
  custom:container-muxer-webm: aa71ff27fc2769a1b78a27578f13a17b -> 
  custom:video-decoder-webm-vp8: 9c59270c3fd7afecdb556c50c9e8de78 -> 
  custom:SearchIndexIgnoredProperties: e643bd26f0fe6173181afceb89e7c659 -> 
  custom:AudioImporter_EditorPlatform: d09bf68614088b80899f8185d706f6e7 -> 
  custom:video-encoder-webm-vp8: eb34c28f22e8b96e1ab97ce403110664 -> 
  custom:audio-decoder-ogg-vorbis: bf7c407c2cedff20999df2af8eb42d56 -> 
  custom:audio-encoder-webm-vorbis: bf7c407c2cedff20999df2af8eb42d56 -> 
========================================================================
Received Import Request.
  Time since last request: 773036.923669 seconds.
  path: Assets/Tiles/FinalScene/Mountains
  artifactKey: Guid(cb104e00e49369f419b922f5b2121c2d) Importer(815301076,1909f56bfc062723c751e8b465ee728b)
Start importing Assets/Tiles/FinalScene/Mountains using Guid(cb104e00e49369f419b922f5b2121c2d) Importer(815301076,1909f56bfc062723c751e8b465ee728b) [PhysX] Initialized MultithreadedTaskDispatcher with 12 workers.
 -> (artifact id: '630fed7cace0d8bae2f77c9b484fd651') in 0.023788 seconds
Number of updated asset objects reloaded before import = 0
Number of asset objects unloaded after import = 0
========================================================================
Received Import Request.
  Time since last request: 15.166955 seconds.
  path: Assets/Tiles/FinalScene/Mountains/Mountain Layer1.anim
  artifactKey: Guid(7b986a8ef8941dd40be0fc5171488035) Importer(815301076,1909f56bfc062723c751e8b465ee728b)
Start importing Assets/Tiles/FinalScene/Mountains/Mountain Layer1.anim using Guid(7b986a8ef8941dd40be0fc5171488035) Importer(815301076,1909f56bfc062723c751e8b465ee728b) [PhysX] Initialized MultithreadedTaskDispatcher with 12 workers.
 -> (artifact id: 'ffeeced1201d994519eb5780a9474378') in 0.053054 seconds
Number of updated asset objects reloaded before import = 0
Number of asset objects unloaded after import = 1
========================================================================
Received Import Request.
  Time since last request: 267.492560 seconds.
  path: Assets/Tiles/FinalScene/Mountains/Animation Mountain Layer1.anim
  artifactKey: Guid(66fa243590882ee418c1f1dce1bb3481) Importer(815301076,1909f56bfc062723c751e8b465ee728b)
Start importing Assets/Tiles/FinalScene/Mountains/Animation Mountain Layer1.anim using Guid(66fa243590882ee418c1f1dce1bb3481) Importer(815301076,1909f56bfc062723c751e8b465ee728b) [PhysX] Initialized MultithreadedTaskDispatcher with 12 workers.
 -> (artifact id: '2554f7c8938c9020b92cb134a4ea5d68') in 0.002863 seconds
Number of updated asset objects reloaded before import = 0
Number of asset objects unloaded after import = 1
========================================================================
Received Import Request.
  Time since last request: 662.431693 seconds.
  path: Assets/Tiles/FinalScene
  artifactKey: Guid(e8c07a7137fa45f4cbea6cf01c188e69) Importer(815301076,1909f56bfc062723c751e8b465ee728b)
Start importing Assets/Tiles/FinalScene using Guid(e8c07a7137fa45f4cbea6cf01c188e69) Importer(815301076,1909f56bfc062723c751e8b465ee728b) [PhysX] Initialized MultithreadedTaskDispatcher with 12 workers.
 -> (artifact id: '2a92655c1c4da8de9d462465dd26c0c9') in 0.001090 seconds
Number of updated asset objects reloaded before import = 0
Number of asset objects unloaded after import = 0
========================================================================
Received Import Request.
  Time since last request: 12.966267 seconds.
  path: Assets/Tiles/FinalScene/tileset.png
  artifactKey: Guid(14b7cc3e5abd86d43b0c20b2a7d4e4e2) Importer(815301076,1909f56bfc062723c751e8b465ee728b)
Start importing Assets/Tiles/FinalScene/tileset.png using Guid(14b7cc3e5abd86d43b0c20b2a7d4e4e2) Importer(815301076,1909f56bfc062723c751e8b465ee728b) [PhysX] Initialized MultithreadedTaskDispatcher with 12 workers.
[PhysX] Initialized MultithreadedTaskDispatcher with 12 workers.
 -> (artifact id: '7ae3733cc12c483344383ea3a09277ba') in 0.178037 seconds
Number of updated asset objects reloaded before import = 0
Number of asset objects unloaded after import = 3
========================================================================
Received Import Request.
  Time since last request: 13.541784 seconds.
  path: Assets/Tiles/FinalScene/tileset.png
  artifactKey: Guid(14b7cc3e5abd86d43b0c20b2a7d4e4e2) Importer(815301076,1909f56bfc062723c751e8b465ee728b)
Start importing Assets/Tiles/FinalScene/tileset.png using Guid(14b7cc3e5abd86d43b0c20b2a7d4e4e2) Importer(815301076,1909f56bfc062723c751e8b465ee728b) [PhysX] Initialized MultithreadedTaskDispatcher with 12 workers.
[PhysX] Initialized MultithreadedTaskDispatcher with 12 workers.
 -> (artifact id: '87a02872bb56dbf40c536471143190e1') in 0.017679 seconds
Number of updated asset objects reloaded before import = 0
Number of asset objects unloaded after import = 2
========================================================================
Received Import Request.
  Time since last request: 22.761229 seconds.
  path: Assets/Tiles/FinalScene/tileset.png
  artifactKey: Guid(14b7cc3e5abd86d43b0c20b2a7d4e4e2) Importer(815301076,1909f56bfc062723c751e8b465ee728b)
Start importing Assets/Tiles/FinalScene/tileset.png using Guid(14b7cc3e5abd86d43b0c20b2a7d4e4e2) Importer(815301076,1909f56bfc062723c751e8b465ee728b) [PhysX] Initialized MultithreadedTaskDispatcher with 12 workers.
[PhysX] Initialized MultithreadedTaskDispatcher with 12 workers.
 -> (artifact id: 'f07e20d14bb3175387aee7c7456574ff') in 0.278219 seconds
Number of updated asset objects reloaded before import = 0
Number of asset objects unloaded after import = 76
========================================================================
Received Import Request.
  Time since last request: 23.558346 seconds.
  path: Assets/Tiles/FinalScene/tileset.png
  artifactKey: Guid(14b7cc3e5abd86d43b0c20b2a7d4e4e2) Importer(815301076,1909f56bfc062723c751e8b465ee728b)
Start importing Assets/Tiles/FinalScene/tileset.png using Guid(14b7cc3e5abd86d43b0c20b2a7d4e4e2) Importer(815301076,1909f56bfc062723c751e8b465ee728b) [PhysX] Initialized MultithreadedTaskDispatcher with 12 workers.
[PhysX] Initialized MultithreadedTaskDispatcher with 12 workers.
 -> (artifact id: '2892f53145bb76e24b7dcd23799de55b') in 0.277380 seconds
Number of updated asset objects reloaded before import = 0
Number of asset objects unloaded after import = 76
========================================================================
Received Import Request.
  Time since last request: 22.603009 seconds.
  path: Assets/Tiles/FinalScene/FinalTileBlock1.prefab
  artifactKey: Guid(a78526e85ba9b044d8039cad5d36bf5b) Importer(815301076,1909f56bfc062723c751e8b465ee728b)
Start importing Assets/Tiles/FinalScene/FinalTileBlock1.prefab using Guid(a78526e85ba9b044d8039cad5d36bf5b) Importer(815301076,1909f56bfc062723c751e8b465ee728b) [PhysX] Initialized MultithreadedTaskDispatcher with 12 workers.
[PhysX] Initialized MultithreadedTaskDispatcher with 12 workers.
 -> (artifact id: 'b215abc0d5a11cd955ad8c10f6751aa7') in 0.467187 seconds
Number of updated asset objects reloaded before import = 0
Number of asset objects unloaded after import = 29
========================================================================
Received Import Request.
  Time since last request: 10.126432 seconds.
  path: Assets/Tiles/FinalScene/FinalTileBlock1.prefab
  artifactKey: Guid(a78526e85ba9b044d8039cad5d36bf5b) Importer(815301076,1909f56bfc062723c751e8b465ee728b)
Start importing Assets/Tiles/FinalScene/FinalTileBlock1.prefab using Guid(a78526e85ba9b044d8039cad5d36bf5b) Importer(815301076,1909f56bfc062723c751e8b465ee728b) [PhysX] Initialized MultithreadedTaskDispatcher with 12 workers.
[PhysX] Initialized MultithreadedTaskDispatcher with 12 workers.
 -> (artifact id: '1b69e5b3cf1919259b230c4b6d78908c') in 0.073053 seconds
Number of updated asset objects reloaded before import = 0
Number of asset objects unloaded after import = 160
========================================================================
Received Import Request.
  Time since last request: 2323.473575 seconds.
  path: Assets/Tiles/FinalScene/Mountains/Animation Mountain Layer1.anim
  artifactKey: Guid(66fa243590882ee418c1f1dce1bb3481) Importer(815301076,1909f56bfc062723c751e8b465ee728b)
Start importing Assets/Tiles/FinalScene/Mountains/Animation Mountain Layer1.anim using Guid(66fa243590882ee418c1f1dce1bb3481) Importer(815301076,1909f56bfc062723c751e8b465ee728b) [PhysX] Initialized MultithreadedTaskDispatcher with 12 workers.
 -> (artifact id: '7d0898474e4ee7d6af4c67c0853f630a') in 0.003386 seconds
Number of updated asset objects reloaded before import = 0
Number of asset objects unloaded after import = 1
========================================================================
Received Import Request.
  Time since last request: 357.141143 seconds.
  path: Assets/Tiles/FinalScene/Mountains/Maun1.anim
  artifactKey: Guid(b889078e50e124d44b03ae134b44f089) Importer(815301076,1909f56bfc062723c751e8b465ee728b)
Start importing Assets/Tiles/FinalScene/Mountains/Maun1.anim using Guid(b889078e50e124d44b03ae134b44f089) Importer(815301076,1909f56bfc062723c751e8b465ee728b) [PhysX] Initialized MultithreadedTaskDispatcher with 12 workers.
 -> (artifact id: '2d6749971c03889184cf07eaef3b31b2') in 0.002329 seconds
Number of updated asset objects reloaded before import = 0
Number of asset objects unloaded after import = 1
========================================================================
Received Import Request.
  Time since last request: 400.105177 seconds.
  path: Assets/Scenes/FinalScene.unity
  artifactKey: Guid(91d4728d7b7cb6e4f920b234924129d9) Importer(815301076,1909f56bfc062723c751e8b465ee728b)
Start importing Assets/Scenes/FinalScene.unity using Guid(91d4728d7b7cb6e4f920b234924129d9) Importer(815301076,1909f56bfc062723c751e8b465ee728b) [PhysX] Initialized MultithreadedTaskDispatcher with 12 workers.
 -> (artifact id: '978ab17b3a5b16ca616ad06a8584fe49') in 0.001321 seconds
Number of updated asset objects reloaded before import = 0
Number of asset objects unloaded after import = 0
========================================================================
Received Import Request.
  Time since last request: 42.292887 seconds.
  path: Assets/Tiles/EndScene/tileset_0.asset
  artifactKey: Guid(29124b566846132439886e1dbc0af34f) Importer(815301076,1909f56bfc062723c751e8b465ee728b)
Start importing Assets/Tiles/EndScene/tileset_0.asset using Guid(29124b566846132439886e1dbc0af34f) Importer(815301076,1909f56bfc062723c751e8b465ee728b) [PhysX] Initialized MultithreadedTaskDispatcher with 12 workers.
 -> (artifact id: '9fac9f18f59777e7051f622bdff5db7b') in 0.145947 seconds
Number of updated asset objects reloaded before import = 0
Number of asset objects unloaded after import = 3
========================================================================
Received Import Request.
  Time since last request: 0.017744 seconds.
  path: Assets/Tiles/EndScene/tileset_3.asset
  artifactKey: Guid(a771b76608418f641886747a0b851bd9) Importer(815301076,1909f56bfc062723c751e8b465ee728b)
Start importing Assets/Tiles/EndScene/tileset_3.asset using Guid(a771b76608418f641886747a0b851bd9) Importer(815301076,1909f56bfc062723c751e8b465ee728b) [PhysX] Initialized MultithreadedTaskDispatcher with 12 workers.
 -> (artifact id: 'ed653a555ead47658705a18340600b36') in 0.018679 seconds
Number of updated asset objects reloaded before import = 0
Number of asset objects unloaded after import = 3
========================================================================
Received Import Request.
  Time since last request: 0.000032 seconds.
  path: Assets/Tiles/EndScene/tileset_33.asset
  artifactKey: Guid(f3145d1cd48a9bf4caf69b797f71634c) Importer(815301076,1909f56bfc062723c751e8b465ee728b)
Start importing Assets/Tiles/EndScene/tileset_33.asset using Guid(f3145d1cd48a9bf4caf69b797f71634c) Importer(815301076,1909f56bfc062723c751e8b465ee728b) [PhysX] Initialized MultithreadedTaskDispatcher with 12 workers.
 -> (artifact id: '1e700a6fe1965f10ecda6ec212eafa8f') in 0.018746 seconds
Number of updated asset objects reloaded before import = 0
Number of asset objects unloaded after import = 3
========================================================================
Received Import Request.
  Time since last request: 0.000035 seconds.
  path: Assets/Tiles/EndScene/tileset_55.asset
  artifactKey: Guid(9fd314285fe5d9a45b2cb4cecf4a1e4b) Importer(815301076,1909f56bfc062723c751e8b465ee728b)
Start importing Assets/Tiles/EndScene/tileset_55.asset using Guid(9fd314285fe5d9a45b2cb4cecf4a1e4b) Importer(815301076,1909f56bfc062723c751e8b465ee728b) [PhysX] Initialized MultithreadedTaskDispatcher with 12 workers.
 -> (artifact id: '83465ea6242df96b23ee464ade97e6b7') in 0.020348 seconds
Number of updated asset objects reloaded before import = 0
Number of asset objects unloaded after import = 3
========================================================================
Received Import Request.
  Time since last request: 0.000067 seconds.
  path: Assets/Tiles/EndScene/tileset_49.asset
  artifactKey: Guid(ea2a09fc67d7a65469b7f2fbf6c54b28) Importer(815301076,1909f56bfc062723c751e8b465ee728b)
Start importing Assets/Tiles/EndScene/tileset_49.asset using Guid(ea2a09fc67d7a65469b7f2fbf6c54b28) Importer(815301076,1909f56bfc062723c751e8b465ee728b) [PhysX] Initialized MultithreadedTaskDispatcher with 12 workers.
 -> (artifact id: '945f3ceac6e12bb5cd1e0d63af78bf01') in 0.022076 seconds
Number of updated asset objects reloaded before import = 0
Number of asset objects unloaded after import = 3
========================================================================
Received Import Request.
  Time since last request: 0.000035 seconds.
  path: Assets/Tiles/EndScene/tileset_15.asset
  artifactKey: Guid(56857ee15dbfd21468948b7640e0cea6) Importer(815301076,1909f56bfc062723c751e8b465ee728b)
Start importing Assets/Tiles/EndScene/tileset_15.asset using Guid(56857ee15dbfd21468948b7640e0cea6) Importer(815301076,1909f56bfc062723c751e8b465ee728b) [PhysX] Initialized MultithreadedTaskDispatcher with 12 workers.
 -> (artifact id: 'eff5fdbc1bd8eb5bb1f3bf99321d238f') in 0.026864 seconds
Number of updated asset objects reloaded before import = 0
Number of asset objects unloaded after import = 3
========================================================================
Received Import Request.
  Time since last request: 0.000037 seconds.
  path: Assets/Tiles/EndScene/tileset_47.asset
  artifactKey: Guid(51ab81c1a59107c4cb0f7ac1383450c8) Importer(815301076,1909f56bfc062723c751e8b465ee728b)
Start importing Assets/Tiles/EndScene/tileset_47.asset using Guid(51ab81c1a59107c4cb0f7ac1383450c8) Importer(815301076,1909f56bfc062723c751e8b465ee728b) [PhysX] Initialized MultithreadedTaskDispatcher with 12 workers.
 -> (artifact id: '0fbde4d7f8e12c635c9503ec7acdb41d') in 0.025561 seconds
Number of updated asset objects reloaded before import = 0
Number of asset objects unloaded after import = 3
========================================================================
Received Import Request.
  Time since last request: 0.000067 seconds.
  path: Assets/Tiles/EndScene/tileset_7.asset
  artifactKey: Guid(de43c129e3742ba4b8284e19b347bc5c) Importer(815301076,1909f56bfc062723c751e8b465ee728b)
Start importing Assets/Tiles/EndScene/tileset_7.asset using Guid(de43c129e3742ba4b8284e19b347bc5c) Importer(815301076,1909f56bfc062723c751e8b465ee728b) [PhysX] Initialized MultithreadedTaskDispatcher with 12 workers.
 -> (artifact id: '29627406bab693ca2d72bda199607d48') in 0.022519 seconds
Number of updated asset objects reloaded before import = 0
Number of asset objects unloaded after import = 3
========================================================================
Received Import Request.
  Time since last request: 0.000058 seconds.
  path: Assets/Tiles/EndScene/tileset_25.asset
  artifactKey: Guid(88375d873d136d545a7d7507ec950698) Importer(815301076,1909f56bfc062723c751e8b465ee728b)
Start importing Assets/Tiles/EndScene/tileset_25.asset using Guid(88375d873d136d545a7d7507ec950698) Importer(815301076,1909f56bfc062723c751e8b465ee728b) [PhysX] Initialized MultithreadedTaskDispatcher with 12 workers.
 -> (artifact id: '574ad205cf3a838d86b8f546ca7f9fca') in 0.022280 seconds
Number of updated asset objects reloaded before import = 0
Number of asset objects unloaded after import = 3
========================================================================
Received Import Request.
  Time since last request: 0.000046 seconds.
  path: Assets/Tiles/EndScene/tileset_59.asset
  artifactKey: Guid(844ecd984b0eb7a478fd604b309e3ade) Importer(815301076,1909f56bfc062723c751e8b465ee728b)
Start importing Assets/Tiles/EndScene/tileset_59.asset using Guid(844ecd984b0eb7a478fd604b309e3ade) Importer(815301076,1909f56bfc062723c751e8b465ee728b) [PhysX] Initialized MultithreadedTaskDispatcher with 12 workers.
 -> (artifact id: 'b94b4851b771a2cbc924747f686697e7') in 0.020831 seconds
Number of updated asset objects reloaded before import = 0
Number of asset objects unloaded after import = 3
========================================================================
Received Import Request.
  Time since last request: 0.000030 seconds.
  path: Assets/Tiles/EndScene/tileset_32.asset
  artifactKey: Guid(93079a4110287cd4e9fdbfe48be569ec) Importer(815301076,1909f56bfc062723c751e8b465ee728b)
Start importing Assets/Tiles/EndScene/tileset_32.asset using Guid(93079a4110287cd4e9fdbfe48be569ec) Importer(815301076,1909f56bfc062723c751e8b465ee728b) [PhysX] Initialized MultithreadedTaskDispatcher with 12 workers.
 -> (artifact id: '9a08c3a2375b58044c34e26246fdff3b') in 0.018695 seconds
Number of updated asset objects reloaded before import = 0
Number of asset objects unloaded after import = 3
========================================================================
Received Import Request.
  Time since last request: 0.000034 seconds.
  path: Assets/Tiles/EndScene/tileset_45.asset
  artifactKey: Guid(d5ef233abc603724bab8af5dd81eab9d) Importer(815301076,1909f56bfc062723c751e8b465ee728b)
Start importing Assets/Tiles/EndScene/tileset_45.asset using Guid(d5ef233abc603724bab8af5dd81eab9d) Importer(815301076,1909f56bfc062723c751e8b465ee728b) [PhysX] Initialized MultithreadedTaskDispatcher with 12 workers.
 -> (artifact id: 'b0f4a96f6eadf6abee2f4ccfc41e1beb') in 0.019561 seconds
Number of updated asset objects reloaded before import = 0
Number of asset objects unloaded after import = 3
========================================================================
Received Import Request.
  Time since last request: 0.000049 seconds.
  path: Assets/Tiles/EndScene/tileset_67.asset
  artifactKey: Guid(0018f24a8a9fc9d4e8f3571b8a61ba58) Importer(815301076,1909f56bfc062723c751e8b465ee728b)
Start importing Assets/Tiles/EndScene/tileset_67.asset using Guid(0018f24a8a9fc9d4e8f3571b8a61ba58) Importer(815301076,1909f56bfc062723c751e8b465ee728b) [PhysX] Initialized MultithreadedTaskDispatcher with 12 workers.
 -> (artifact id: '9c4fc387bb3c1d4148b2166e1331a8d9') in 0.017831 seconds
Number of updated asset objects reloaded before import = 0
Number of asset objects unloaded after import = 3
========================================================================
Received Import Request.
  Time since last request: 0.000036 seconds.
  path: Assets/Tiles/EndScene/tileset_66.asset
  artifactKey: Guid(b29aba6392b4fda4090c46d61ccd3672) Importer(815301076,1909f56bfc062723c751e8b465ee728b)
Start importing Assets/Tiles/EndScene/tileset_66.asset using Guid(b29aba6392b4fda4090c46d61ccd3672) Importer(815301076,1909f56bfc062723c751e8b465ee728b) [PhysX] Initialized MultithreadedTaskDispatcher with 12 workers.
 -> (artifact id: '4eadf41735f96ab536507f265f08220e') in 0.020443 seconds
Number of updated asset objects reloaded before import = 0
Number of asset objects unloaded after import = 3
========================================================================
Received Import Request.
  Time since last request: 0.000030 seconds.
  path: Assets/Tiles/EndScene/tileset_54.asset
  artifactKey: Guid(7482859490d56394cb2f0febf48c84d5) Importer(815301076,1909f56bfc062723c751e8b465ee728b)
Start importing Assets/Tiles/EndScene/tileset_54.asset using Guid(7482859490d56394cb2f0febf48c84d5) Importer(815301076,1909f56bfc062723c751e8b465ee728b) [PhysX] Initialized MultithreadedTaskDispatcher with 12 workers.
 -> (artifact id: '8b63498514d91229c578461ce763b5c7') in 0.017512 seconds
Number of updated asset objects reloaded before import = 0
Number of asset objects unloaded after import = 3
========================================================================
Received Import Request.
  Time since last request: 0.000050 seconds.
  path: Assets/Tiles/EndScene/tileset_12.asset
  artifactKey: Guid(ee3857bcb96d47e45a9c4b02277c3c6b) Importer(815301076,1909f56bfc062723c751e8b465ee728b)
Start importing Assets/Tiles/EndScene/tileset_12.asset using Guid(ee3857bcb96d47e45a9c4b02277c3c6b) Importer(815301076,1909f56bfc062723c751e8b465ee728b) [PhysX] Initialized MultithreadedTaskDispatcher with 12 workers.
 -> (artifact id: 'e38de2ba1f982acb4d2c92244a02b083') in 0.027607 seconds
Number of updated asset objects reloaded before import = 0
Number of asset objects unloaded after import = 3
========================================================================
Received Import Request.
  Time since last request: 0.000063 seconds.
  path: Assets/Tiles/EndScene/tileset_16.asset
  artifactKey: Guid(d80fc6b269173b343a66a0bbf997c8b6) Importer(815301076,1909f56bfc062723c751e8b465ee728b)
Start importing Assets/Tiles/EndScene/tileset_16.asset using Guid(d80fc6b269173b343a66a0bbf997c8b6) Importer(815301076,1909f56bfc062723c751e8b465ee728b) [PhysX] Initialized MultithreadedTaskDispatcher with 12 workers.
 -> (artifact id: '3bd4a3e0a9ceaa53f74f49e2dfe38fef') in 0.028041 seconds
Number of updated asset objects reloaded before import = 0
Number of asset objects unloaded after import = 3
========================================================================
Received Import Request.
  Time since last request: 0.000060 seconds.
  path: Assets/Tiles/EndScene/tileset_70.asset
  artifactKey: Guid(09374571ff8ff6a4a88925133b3e9509) Importer(815301076,1909f56bfc062723c751e8b465ee728b)
Start importing Assets/Tiles/EndScene/tileset_70.asset using Guid(09374571ff8ff6a4a88925133b3e9509) Importer(815301076,1909f56bfc062723c751e8b465ee728b) [PhysX] Initialized MultithreadedTaskDispatcher with 12 workers.
 -> (artifact id: '4a67f0fa22e68c5799e13680411e1e51') in 0.017312 seconds
Number of updated asset objects reloaded before import = 0
Number of asset objects unloaded after import = 3
========================================================================
Received Import Request.
  Time since last request: 0.000036 seconds.
  path: Assets/Tiles/EndScene/tileset_64.asset
  artifactKey: Guid(7feb43a290c3bc34a8e18e6e0ef9b4ee) Importer(815301076,1909f56bfc062723c751e8b465ee728b)
Start importing Assets/Tiles/EndScene/tileset_64.asset using Guid(7feb43a290c3bc34a8e18e6e0ef9b4ee) Importer(815301076,1909f56bfc062723c751e8b465ee728b) [PhysX] Initialized MultithreadedTaskDispatcher with 12 workers.
 -> (artifact id: 'c83467916aada9e0a0bb220f16050e16') in 0.020858 seconds
Number of updated asset objects reloaded before import = 0
Number of asset objects unloaded after import = 3
========================================================================
Received Import Request.
  Time since last request: 0.000074 seconds.
  path: Assets/Tiles/EndScene/tileset_53.asset
  artifactKey: Guid(ae6ec3a493378374d89f5827980f7a5e) Importer(815301076,1909f56bfc062723c751e8b465ee728b)
Start importing Assets/Tiles/EndScene/tileset_53.asset using Guid(ae6ec3a493378374d89f5827980f7a5e) Importer(815301076,1909f56bfc062723c751e8b465ee728b) [PhysX] Initialized MultithreadedTaskDispatcher with 12 workers.
 -> (artifact id: '62949cf805fb580575560ce67b1b392f') in 0.023621 seconds
Number of updated asset objects reloaded before import = 0
Number of asset objects unloaded after import = 3
========================================================================
Received Import Request.
  Time since last request: 0.000051 seconds.
  path: Assets/Tiles/EndScene/tileset_17.asset
  artifactKey: Guid(cc1974ac9da83fe4a85d2af1703f3902) Importer(815301076,1909f56bfc062723c751e8b465ee728b)
Start importing Assets/Tiles/EndScene/tileset_17.asset using Guid(cc1974ac9da83fe4a85d2af1703f3902) Importer(815301076,1909f56bfc062723c751e8b465ee728b) [PhysX] Initialized MultithreadedTaskDispatcher with 12 workers.
 -> (artifact id: 'ddf86cfd17d78697442ae35072b14395') in 0.019648 seconds
Number of updated asset objects reloaded before import = 0
Number of asset objects unloaded after import = 3
========================================================================
Received Import Request.
  Time since last request: 0.000071 seconds.
  path: Assets/Tiles/EndScene/tileset_36.asset
  artifactKey: Guid(579fee282ec554f41bd780e618df570e) Importer(815301076,1909f56bfc062723c751e8b465ee728b)
Start importing Assets/Tiles/EndScene/tileset_36.asset using Guid(579fee282ec554f41bd780e618df570e) Importer(815301076,1909f56bfc062723c751e8b465ee728b) [PhysX] Initialized MultithreadedTaskDispatcher with 12 workers.
 -> (artifact id: 'f3343b695d35eef7716adf1e28ce0228') in 0.021313 seconds
Number of updated asset objects reloaded before import = 0
Number of asset objects unloaded after import = 3
========================================================================
Received Import Request.
  Time since last request: 0.000051 seconds.
  path: Assets/Tiles/EndScene/tileset_5.asset
  artifactKey: Guid(8be68f42edc1acb4998f5ed3b14c5f21) Importer(815301076,1909f56bfc062723c751e8b465ee728b)
Start importing Assets/Tiles/EndScene/tileset_5.asset using Guid(8be68f42edc1acb4998f5ed3b14c5f21) Importer(815301076,1909f56bfc062723c751e8b465ee728b) [PhysX] Initialized MultithreadedTaskDispatcher with 12 workers.
 -> (artifact id: 'c3e1a7d90548b615978525cd564af337') in 0.019202 seconds
Number of updated asset objects reloaded before import = 0
Number of asset objects unloaded after import = 3
========================================================================
Received Import Request.
  Time since last request: 0.000060 seconds.
  path: Assets/Tiles/EndScene/tileset_2.asset
  artifactKey: Guid(76d33d1251697f0459b7d865ffa75d17) Importer(815301076,1909f56bfc062723c751e8b465ee728b)
Start importing Assets/Tiles/EndScene/tileset_2.asset using Guid(76d33d1251697f0459b7d865ffa75d17) Importer(815301076,1909f56bfc062723c751e8b465ee728b) [PhysX] Initialized MultithreadedTaskDispatcher with 12 workers.
 -> (artifact id: '43e585937d2f05cc15aa3ba20c61e5b9') in 0.019886 seconds
Number of updated asset objects reloaded before import = 0
Number of asset objects unloaded after import = 3
========================================================================
Received Import Request.
  Time since last request: 0.000033 seconds.
  path: Assets/Tiles/EndScene/tileset_61.asset
  artifactKey: Guid(2232180f6d923654a9a81efe1845ae19) Importer(815301076,1909f56bfc062723c751e8b465ee728b)
Start importing Assets/Tiles/EndScene/tileset_61.asset using Guid(2232180f6d923654a9a81efe1845ae19) Importer(815301076,1909f56bfc062723c751e8b465ee728b) [PhysX] Initialized MultithreadedTaskDispatcher with 12 workers.
 -> (artifact id: '93b48eec732c88f3df41c4d0e9634fbc') in 0.017233 seconds
Number of updated asset objects reloaded before import = 0
Number of asset objects unloaded after import = 3
========================================================================
Received Import Request.
  Time since last request: 0.000031 seconds.
  path: Assets/Tiles/EndScene/tileset_73.asset
  artifactKey: Guid(21daba1074009454189fa7c83abbdc6e) Importer(815301076,1909f56bfc062723c751e8b465ee728b)
Start importing Assets/Tiles/EndScene/tileset_73.asset using Guid(21daba1074009454189fa7c83abbdc6e) Importer(815301076,1909f56bfc062723c751e8b465ee728b) [PhysX] Initialized MultithreadedTaskDispatcher with 12 workers.
 -> (artifact id: 'bc4e91dc5e9d55383effc244c50373b2') in 0.018835 seconds
Number of updated asset objects reloaded before import = 0
Number of asset objects unloaded after import = 3
========================================================================
Received Import Request.
  Time since last request: 0.000033 seconds.
  path: Assets/Tiles/EndScene/tileset_29.asset
  artifactKey: Guid(a6976af1292a6554ba4d627641b2391b) Importer(815301076,1909f56bfc062723c751e8b465ee728b)
Start importing Assets/Tiles/EndScene/tileset_29.asset using Guid(a6976af1292a6554ba4d627641b2391b) Importer(815301076,1909f56bfc062723c751e8b465ee728b) [PhysX] Initialized MultithreadedTaskDispatcher with 12 workers.
 -> (artifact id: '0ad4b34670a755a948a2ff510f7ffbbf') in 0.020934 seconds
Number of updated asset objects reloaded before import = 0
Number of asset objects unloaded after import = 3
========================================================================
Received Import Request.
  Time since last request: 0.000036 seconds.
  path: Assets/Tiles/EndScene/tileset_28.asset
  artifactKey: Guid(fc116ca85e7277848adda3e7c6fc50a6) Importer(815301076,1909f56bfc062723c751e8b465ee728b)
Start importing Assets/Tiles/EndScene/tileset_28.asset using Guid(fc116ca85e7277848adda3e7c6fc50a6) Importer(815301076,1909f56bfc062723c751e8b465ee728b) [PhysX] Initialized MultithreadedTaskDispatcher with 12 workers.
 -> (artifact id: '7ed8cfdd27f2d4f6690730b607965fd0') in 0.025015 seconds
Number of updated asset objects reloaded before import = 0
Number of asset objects unloaded after import = 3
========================================================================
Received Import Request.
  Time since last request: 0.000137 seconds.
  path: Assets/Tiles/EndScene/tileset_65.asset
  artifactKey: Guid(22c9b30a0064d924f8f80a28f1db9c88) Importer(815301076,1909f56bfc062723c751e8b465ee728b)
Start importing Assets/Tiles/EndScene/tileset_65.asset using Guid(22c9b30a0064d924f8f80a28f1db9c88) Importer(815301076,1909f56bfc062723c751e8b465ee728b) [PhysX] Initialized MultithreadedTaskDispatcher with 12 workers.
 -> (artifact id: '6d73807a0e190a2fe2d89f8b4e8a9e30') in 0.021175 seconds
Number of updated asset objects reloaded before import = 0
Number of asset objects unloaded after import = 3
========================================================================
Received Import Request.
  Time since last request: 0.000062 seconds.
  path: Assets/Tiles/EndScene/tileset_11.asset
  artifactKey: Guid(2456cc34edbc21d4f9fdf754da0fca6e) Importer(815301076,1909f56bfc062723c751e8b465ee728b)
Start importing Assets/Tiles/EndScene/tileset_11.asset using Guid(2456cc34edbc21d4f9fdf754da0fca6e) Importer(815301076,1909f56bfc062723c751e8b465ee728b) [PhysX] Initialized MultithreadedTaskDispatcher with 12 workers.
 -> (artifact id: 'f3de6295bd29b5abebe333a1656b1047') in 0.026863 seconds
Number of updated asset objects reloaded before import = 0
Number of asset objects unloaded after import = 3
========================================================================
Received Import Request.
  Time since last request: 0.000061 seconds.
  path: Assets/Tiles/EndScene/tileset_40.asset
  artifactKey: Guid(3d849b5e17452b34caf1a08c8c851091) Importer(815301076,1909f56bfc062723c751e8b465ee728b)
Start importing Assets/Tiles/EndScene/tileset_40.asset using Guid(3d849b5e17452b34caf1a08c8c851091) Importer(815301076,1909f56bfc062723c751e8b465ee728b) [PhysX] Initialized MultithreadedTaskDispatcher with 12 workers.
 -> (artifact id: '99df93d811d70d57252afa43ce9c695a') in 0.027752 seconds
Number of updated asset objects reloaded before import = 0
Number of asset objects unloaded after import = 3
========================================================================
Received Import Request.
  Time since last request: 0.000077 seconds.
  path: Assets/Tiles/EndScene/tileset_72.asset
  artifactKey: Guid(51f3994220a3e894a821b617b8267250) Importer(815301076,1909f56bfc062723c751e8b465ee728b)
Start importing Assets/Tiles/EndScene/tileset_72.asset using Guid(51f3994220a3e894a821b617b8267250) Importer(815301076,1909f56bfc062723c751e8b465ee728b) [PhysX] Initialized MultithreadedTaskDispatcher with 12 workers.
 -> (artifact id: '78c287672e513716bebe960523daa13d') in 0.023057 seconds
Number of updated asset objects reloaded before import = 0
Number of asset objects unloaded after import = 3
========================================================================
Received Import Request.
  Time since last request: 0.000045 seconds.
  path: Assets/Tiles/EndScene/tileset_9.asset
  artifactKey: Guid(78ed6de343c2f484b899597b2ad22731) Importer(815301076,1909f56bfc062723c751e8b465ee728b)
Start importing Assets/Tiles/EndScene/tileset_9.asset using Guid(78ed6de343c2f484b899597b2ad22731) Importer(815301076,1909f56bfc062723c751e8b465ee728b) [PhysX] Initialized MultithreadedTaskDispatcher with 12 workers.
 -> (artifact id: 'f7e6f0d0e6cbf7eeda1486c392d50cb0') in 0.025764 seconds
Number of updated asset objects reloaded before import = 0
Number of asset objects unloaded after import = 3
========================================================================
Received Import Request.
  Time since last request: 0.000046 seconds.
  path: Assets/Tiles/EndScene/tileset_50.asset
  artifactKey: Guid(187cfe70fd13beb40a64847c184fec9a) Importer(815301076,1909f56bfc062723c751e8b465ee728b)
Start importing Assets/Tiles/EndScene/tileset_50.asset using Guid(187cfe70fd13beb40a64847c184fec9a) Importer(815301076,1909f56bfc062723c751e8b465ee728b) [PhysX] Initialized MultithreadedTaskDispatcher with 12 workers.
 -> (artifact id: '3c16e33a72b5df3a6021f06d653d7911') in 0.023651 seconds
Number of updated asset objects reloaded before import = 0
Number of asset objects unloaded after import = 3
========================================================================
Received Import Request.
  Time since last request: 0.000041 seconds.
  path: Assets/Tiles/EndScene/tileset_42.asset
  artifactKey: Guid(0c413cb34f693c04fbbe407aa0bb8c46) Importer(815301076,1909f56bfc062723c751e8b465ee728b)
Start importing Assets/Tiles/EndScene/tileset_42.asset using Guid(0c413cb34f693c04fbbe407aa0bb8c46) Importer(815301076,1909f56bfc062723c751e8b465ee728b) [PhysX] Initialized MultithreadedTaskDispatcher with 12 workers.
 -> (artifact id: '8c983ebb6f2b3df59be3c7e84b26aab1') in 0.013781 seconds
Number of updated asset objects reloaded before import = 0
Number of asset objects unloaded after import = 3
========================================================================
Received Import Request.
  Time since last request: 0.000045 seconds.
  path: Assets/Tiles/EndScene/tileset_19.asset
  artifactKey: Guid(001ccc366df43a74b8c04bb672f24651) Importer(815301076,1909f56bfc062723c751e8b465ee728b)
Start importing Assets/Tiles/EndScene/tileset_19.asset using Guid(001ccc366df43a74b8c04bb672f24651) Importer(815301076,1909f56bfc062723c751e8b465ee728b) [PhysX] Initialized MultithreadedTaskDispatcher with 12 workers.
 -> (artifact id: '4b5d8af549470a634a2e8d2b34ead116') in 0.018181 seconds
Number of updated asset objects reloaded before import = 0
Number of asset objects unloaded after import = 3
========================================================================
Received Import Request.
  Time since last request: 0.000416 seconds.
  path: Assets/Tiles/EndScene/tileset_44.asset
  artifactKey: Guid(e3b1c25246f3f0643b589faf4112f41a) Importer(815301076,1909f56bfc062723c751e8b465ee728b)
Start importing Assets/Tiles/EndScene/tileset_44.asset using Guid(e3b1c25246f3f0643b589faf4112f41a) Importer(815301076,1909f56bfc062723c751e8b465ee728b) [PhysX] Initialized MultithreadedTaskDispatcher with 12 workers.
 -> (artifact id: '0fbe0ebb7afe56472a6db00c86e92d92') in 0.020756 seconds
Number of updated asset objects reloaded before import = 0
Number of asset objects unloaded after import = 3
========================================================================
Received Import Request.
  Time since last request: 0.000048 seconds.
  path: Assets/Tiles/EndScene/tileset_24.asset
  artifactKey: Guid(3d06054d32fa5504c8f7f5db5a5e0e23) Importer(815301076,1909f56bfc062723c751e8b465ee728b)
Start importing Assets/Tiles/EndScene/tileset_24.asset using Guid(3d06054d32fa5504c8f7f5db5a5e0e23) Importer(815301076,1909f56bfc062723c751e8b465ee728b) [PhysX] Initialized MultithreadedTaskDispatcher with 12 workers.
 -> (artifact id: '825e40f420cd44163517a4d564231c48') in 0.026498 seconds
Number of updated asset objects reloaded before import = 0
Number of asset objects unloaded after import = 3
========================================================================
Received Import Request.
  Time since last request: 0.000063 seconds.
  path: Assets/Tiles/EndScene/tileset_39.asset
  artifactKey: Guid(1cd7b8f4657580c4ab64b33ec55362f1) Importer(815301076,1909f56bfc062723c751e8b465ee728b)
Start importing Assets/Tiles/EndScene/tileset_39.asset using Guid(1cd7b8f4657580c4ab64b33ec55362f1) Importer(815301076,1909f56bfc062723c751e8b465ee728b) [PhysX] Initialized MultithreadedTaskDispatcher with 12 workers.
 -> (artifact id: '50664384445bf6f96670f7048e061761') in 0.020087 seconds
Number of updated asset objects reloaded before import = 0
Number of asset objects unloaded after import = 3
========================================================================
Received Import Request.
  Time since last request: 0.000037 seconds.
  path: Assets/Tiles/EndScene/tileset_56.asset
  artifactKey: Guid(4ee025530b3aa944f928d66d5eb6b377) Importer(815301076,1909f56bfc062723c751e8b465ee728b)
Start importing Assets/Tiles/EndScene/tileset_56.asset using Guid(4ee025530b3aa944f928d66d5eb6b377) Importer(815301076,1909f56bfc062723c751e8b465ee728b) [PhysX] Initialized MultithreadedTaskDispatcher with 12 workers.
 -> (artifact id: 'c5bacf16dc28144d06c1e1c0f25c6e7a') in 0.010516 seconds
Number of updated asset objects reloaded before import = 0
Number of asset objects unloaded after import = 3
========================================================================
Received Import Request.
  Time since last request: 0.000041 seconds.
  path: Assets/Tiles/EndScene/tileset_48.asset
  artifactKey: Guid(d68ccb5703290474983474d939b4f0b3) Importer(815301076,1909f56bfc062723c751e8b465ee728b)
Start importing Assets/Tiles/EndScene/tileset_48.asset using Guid(d68ccb5703290474983474d939b4f0b3) Importer(815301076,1909f56bfc062723c751e8b465ee728b) [PhysX] Initialized MultithreadedTaskDispatcher with 12 workers.
 -> (artifact id: 'f7bd506d1d0479dcc6b2a50b4b878698') in 0.019081 seconds
Number of updated asset objects reloaded before import = 0
Number of asset objects unloaded after import = 3
========================================================================
Received Import Request.
  Time since last request: 0.000045 seconds.
  path: Assets/Tiles/EndScene/tileset_68.asset
  artifactKey: Guid(bfaa6a10a4294c54ebabb5127b2b0ff3) Importer(815301076,1909f56bfc062723c751e8b465ee728b)
Start importing Assets/Tiles/EndScene/tileset_68.asset using Guid(bfaa6a10a4294c54ebabb5127b2b0ff3) Importer(815301076,1909f56bfc062723c751e8b465ee728b) [PhysX] Initialized MultithreadedTaskDispatcher with 12 workers.
 -> (artifact id: '13c877d1c7fcf2c80ebd05e8aa68b7d2') in 0.022661 seconds
Number of updated asset objects reloaded before import = 0
Number of asset objects unloaded after import = 3
========================================================================
Received Import Request.
  Time since last request: 0.000039 seconds.
  path: Assets/Tiles/EndScene/tileset_63.asset
  artifactKey: Guid(c286e4622a025ea43addea2e8ea169a9) Importer(815301076,1909f56bfc062723c751e8b465ee728b)
Start importing Assets/Tiles/EndScene/tileset_63.asset using Guid(c286e4622a025ea43addea2e8ea169a9) Importer(815301076,1909f56bfc062723c751e8b465ee728b) [PhysX] Initialized MultithreadedTaskDispatcher with 12 workers.
 -> (artifact id: 'bd7a1dfe8b797bd3b5fdbc52143d92b8') in 0.022628 seconds
Number of updated asset objects reloaded before import = 0
Number of asset objects unloaded after import = 3
========================================================================
Received Import Request.
  Time since last request: 0.000027 seconds.
  path: Assets/Tiles/EndScene/tileset_14.asset
  artifactKey: Guid(7d9590626306c1044ac65a63716545d8) Importer(815301076,1909f56bfc062723c751e8b465ee728b)
Start importing Assets/Tiles/EndScene/tileset_14.asset using Guid(7d9590626306c1044ac65a63716545d8) Importer(815301076,1909f56bfc062723c751e8b465ee728b) [PhysX] Initialized MultithreadedTaskDispatcher with 12 workers.
 -> (artifact id: '7714610b71f0be4d6662ca3c4a932a35') in 0.018827 seconds
Number of updated asset objects reloaded before import = 0
Number of asset objects unloaded after import = 3
========================================================================
Received Import Request.
  Time since last request: 2.736110 seconds.
  path: Assets/Tiles/FinalScene/Mountains/Maun1.anim
  artifactKey: Guid(b889078e50e124d44b03ae134b44f089) Importer(815301076,1909f56bfc062723c751e8b465ee728b)
Start importing Assets/Tiles/FinalScene/Mountains/Maun1.anim using Guid(b889078e50e124d44b03ae134b44f089) Importer(815301076,1909f56bfc062723c751e8b465ee728b) [PhysX] Initialized MultithreadedTaskDispatcher with 12 workers.
 -> (artifact id: 'fd6b95d298d645d78a914a66dd3dd5ce') in 0.002644 seconds
Number of updated asset objects reloaded before import = 0
Number of asset objects unloaded after import = 1
========================================================================
Received Prepare
Caller must complete domain reload
Begin MonoManager ReloadAssembly
- Loaded All Assemblies, in  3.295 seconds
Native extension for WindowsStandalone target not found
Native extension for WebGL target not found
[Package Manager] Server::EnsureServerProcessIsRunning -- launch failed, reason: Unity was launched with the -noUpm command-line argument
[Package Manager] UpmClient::Send -- Unable to send message (not connected to UPM process).
[Package Manager] Cannot connect to Unity Package Manager local server
Mono: successfully reloaded assembly
- Finished resetting the current domain, in  1.169 seconds
Domain Reload Profiling: 4468ms
	BeginReloadAssembly (2258ms)
		ExecutionOrderSort (0ms)
		DisableScriptedObjects (1591ms)
		BackupInstance (0ms)
		ReleaseScriptingObjects (1ms)
		CreateAndSetChildDomain (367ms)
	RebuildCommonClasses (45ms)
	RebuildNativeTypeToScriptingClass (13ms)
	initialDomainReloadingComplete (46ms)
	LoadAllAssembliesAndSetupDomain (936ms)
		LoadAssemblies (1085ms)
		RebuildTransferFunctionScriptingTraits (0ms)
		AnalyzeDomain (49ms)
			TypeCache.Refresh (20ms)
				TypeCache.ScanAssembly (0ms)
			ScanForSourceGeneratedMonoScriptInfo (1ms)
			ResolveRequiredComponents (26ms)
	FinalizeReload (1170ms)
		ReleaseScriptCaches (0ms)
		RebuildScriptCaches (0ms)
		SetupLoadedEditorAssemblies (815ms)
			LogAssemblyErrors (0ms)
			InitializePlatformSupportModulesInManaged (19ms)
			SetLoadedEditorAssemblies (9ms)
			RefreshPlugins (0ms)
			BeforeProcessingInitializeOnLoad (111ms)
			ProcessInitializeOnLoadAttributes (565ms)
			ProcessInitializeOnLoadMethodAttributes (107ms)
			AfterProcessingInitializeOnLoad (3ms)
			EditorAssembliesLoaded (2ms)
		ExecutionOrderSort2 (0ms)
		AwakeInstancesAfterBackupRestoration (23ms)
Refreshing native plugins compatible for Editor in 5.11 ms, found 4 plugins.
Preloading 0 native plugins for Editor in 0.00 ms.
Unloading 5700 Unused Serialized files (Serialized files now loaded: 0)
Unloading 27 unused Assets / (0.6 MB). Loaded Objects now: 6394.
Memory consumption went from 200.8 MB to 200.3 MB.
Total: 10.070200 ms (FindLiveObjects: 0.742000 ms CreateObjectMapping: 0.685900 ms MarkObjects: 8.322600 ms  DeleteObjects: 0.317100 ms)

Prepare: number of updated asset objects reloaded= 0
AssetImportParameters requested are different than current active one (requested -> active):
  custom:container-demuxer-ogg: 62fdf1f143b41e24485cea50d1cbac27 -> 
  custom:video-codec-MediaFoundation-h265: 746d11721c4dcdbdad8f713fa42b33f4 -> 
  custom:video-decoder-ogg-theora: a1e56fd34408186e4bbccfd4996cb3dc -> 
  custom:framework-win-MediaFoundation: 216162199b28c13a410421893ffa2e32 -> 
  custom:CustomObjectIndexerAttribute: 72b91833f83ae208fae7752999fa3104 -> 
  custom:container-demuxer-webm: 4f35f7cbe854078d1ac9338744f61a02 -> 
  custom:container-muxer-webm: aa71ff27fc2769a1b78a27578f13a17b -> 
  custom:video-decoder-webm-vp8: 9c59270c3fd7afecdb556c50c9e8de78 -> 
  custom:SearchIndexIgnoredProperties: e643bd26f0fe6173181afceb89e7c659 -> 
  custom:AudioImporter_EditorPlatform: d09bf68614088b80899f8185d706f6e7 -> 
  custom:video-encoder-webm-vp8: eb34c28f22e8b96e1ab97ce403110664 -> 
  custom:audio-decoder-ogg-vorbis: bf7c407c2cedff20999df2af8eb42d56 -> 
  custom:audio-encoder-webm-vorbis: bf7c407c2cedff20999df2af8eb42d56 -> 
========================================================================
Received Prepare
Caller must complete domain reload
Begin MonoManager ReloadAssembly
- Loaded All Assemblies, in  0.640 seconds
Native extension for WindowsStandalone target not found
Native extension for WebGL target not found
[Package Manager] Server::EnsureServerProcessIsRunning -- launch failed, reason: Unity was launched with the -noUpm command-line argument
[Package Manager] UpmClient::Send -- Unable to send message (not connected to UPM process).
[Package Manager] Cannot connect to Unity Package Manager local server
Mono: successfully reloaded assembly
- Finished resetting the current domain, in  3.340 seconds
Domain Reload Profiling: 3979ms
	BeginReloadAssembly (216ms)
		ExecutionOrderSort (0ms)
		DisableScriptedObjects (12ms)
		BackupInstance (0ms)
		ReleaseScriptingObjects (0ms)
		CreateAndSetChildDomain (53ms)
	RebuildCommonClasses (46ms)
	RebuildNativeTypeToScriptingClass (11ms)
	initialDomainReloadingComplete (29ms)
	LoadAllAssembliesAndSetupDomain (337ms)
		LoadAssemblies (429ms)
		RebuildTransferFunctionScriptingTraits (0ms)
		AnalyzeDomain (28ms)
			TypeCache.Refresh (12ms)
				TypeCache.ScanAssembly (0ms)
			ScanForSourceGeneratedMonoScriptInfo (0ms)
			ResolveRequiredComponents (14ms)
	FinalizeReload (3340ms)
		ReleaseScriptCaches (0ms)
		RebuildScriptCaches (0ms)
		SetupLoadedEditorAssemblies (721ms)
			LogAssemblyErrors (0ms)
			InitializePlatformSupportModulesInManaged (10ms)
			SetLoadedEditorAssemblies (7ms)
			RefreshPlugins (0ms)
			BeforeProcessingInitializeOnLoad (105ms)
			ProcessInitializeOnLoadAttributes (504ms)
			ProcessInitializeOnLoadMethodAttributes (93ms)
			AfterProcessingInitializeOnLoad (3ms)
			EditorAssembliesLoaded (1ms)
		ExecutionOrderSort2 (0ms)
		AwakeInstancesAfterBackupRestoration (21ms)
Refreshing native plugins compatible for Editor in 7.00 ms, found 4 plugins.
Preloading 0 native plugins for Editor in 0.00 ms.
Unloading 5700 Unused Serialized files (Serialized files now loaded: 0)
Unloading 27 unused Assets / (0.6 MB). Loaded Objects now: 6411.
Memory consumption went from 200.8 MB to 200.2 MB.
Total: 5.880200 ms (FindLiveObjects: 0.936000 ms CreateObjectMapping: 0.507900 ms MarkObjects: 4.102100 ms  DeleteObjects: 0.332300 ms)

Prepare: number of updated asset objects reloaded= 0
AssetImportParameters requested are different than current active one (requested -> active):
  custom:container-demuxer-ogg: 62fdf1f143b41e24485cea50d1cbac27 -> 
  custom:video-codec-MediaFoundation-h265: 746d11721c4dcdbdad8f713fa42b33f4 -> 
  custom:video-decoder-ogg-theora: a1e56fd34408186e4bbccfd4996cb3dc -> 
  custom:framework-win-MediaFoundation: 216162199b28c13a410421893ffa2e32 -> 
  custom:CustomObjectIndexerAttribute: 72b91833f83ae208fae7752999fa3104 -> 
  custom:container-demuxer-webm: 4f35f7cbe854078d1ac9338744f61a02 -> 
  custom:container-muxer-webm: aa71ff27fc2769a1b78a27578f13a17b -> 
  custom:video-decoder-webm-vp8: 9c59270c3fd7afecdb556c50c9e8de78 -> 
  custom:SearchIndexIgnoredProperties: e643bd26f0fe6173181afceb89e7c659 -> 
  custom:AudioImporter_EditorPlatform: d09bf68614088b80899f8185d706f6e7 -> 
  custom:video-encoder-webm-vp8: eb34c28f22e8b96e1ab97ce403110664 -> 
  custom:audio-decoder-ogg-vorbis: bf7c407c2cedff20999df2af8eb42d56 -> 
  custom:audio-encoder-webm-vorbis: bf7c407c2cedff20999df2af8eb42d56 -> 
========================================================================
Received Import Request.
  Time since last request: 585.027159 seconds.
  path: Assets/Tiles/FinalScene/FinalTileBlock1.prefab
  artifactKey: Guid(a78526e85ba9b044d8039cad5d36bf5b) Importer(815301076,1909f56bfc062723c751e8b465ee728b)
Start importing Assets/Tiles/FinalScene/FinalTileBlock1.prefab using Guid(a78526e85ba9b044d8039cad5d36bf5b) Importer(815301076,1909f56bfc062723c751e8b465ee728b) [PhysX] Initialized MultithreadedTaskDispatcher with 12 workers.
[PhysX] Initialized MultithreadedTaskDispatcher with 12 workers.
 -> (artifact id: '8f9b4db3ba4a92f7b4b86435e623a519') in 0.398607 seconds
Number of updated asset objects reloaded before import = 0
Number of asset objects unloaded after import = 104
========================================================================
Received Import Request.
  Time since last request: 63.245547 seconds.
  path: Assets/Tiles/FinalScene/FinalTileBlock.prefab
  artifactKey: Guid(67f451fe191077d47b17f8dee989030d) Importer(815301076,1909f56bfc062723c751e8b465ee728b)
Start importing Assets/Tiles/FinalScene/FinalTileBlock.prefab using Guid(67f451fe191077d47b17f8dee989030d) Importer(815301076,1909f56bfc062723c751e8b465ee728b) [PhysX] Initialized MultithreadedTaskDispatcher with 12 workers.
[PhysX] Initialized MultithreadedTaskDispatcher with 12 workers.
 -> (artifact id: '0e6cc68044d85b2c40272ccf8d367f90') in 0.020549 seconds
Number of updated asset objects reloaded before import = 0
Number of asset objects unloaded after import = 11
========================================================================
Received Import Request.
  Time since last request: 6.534260 seconds.
  path: Assets/Tiles/FinalScene/FinalTileBlock.prefab
  artifactKey: Guid(67f451fe191077d47b17f8dee989030d) Importer(815301076,1909f56bfc062723c751e8b465ee728b)
Start importing Assets/Tiles/FinalScene/FinalTileBlock.prefab using Guid(67f451fe191077d47b17f8dee989030d) Importer(815301076,1909f56bfc062723c751e8b465ee728b) [PhysX] Initialized MultithreadedTaskDispatcher with 12 workers.
[PhysX] Initialized MultithreadedTaskDispatcher with 12 workers.
 -> (artifact id: '1fc0eeeff6dec13b64fe384faf605b48') in 0.102693 seconds
Number of updated asset objects reloaded before import = 0
Number of asset objects unloaded after import = 160
========================================================================
Received Import Request.
  Time since last request: 0.000064 seconds.
  path: Assets/Tiles/FinalScene/tileset_36.asset
  artifactKey: Guid(0a0ef84b3089413488a3b4989fe3a682) Importer(815301076,1909f56bfc062723c751e8b465ee728b)
Start importing Assets/Tiles/FinalScene/tileset_36.asset using Guid(0a0ef84b3089413488a3b4989fe3a682) Importer(815301076,1909f56bfc062723c751e8b465ee728b) [PhysX] Initialized MultithreadedTaskDispatcher with 12 workers.
 -> (artifact id: '920975ffef7e21dffceab9abc132aded') in 0.033586 seconds
Number of updated asset objects reloaded before import = 0
Number of asset objects unloaded after import = 3
========================================================================
Received Import Request.
  Time since last request: 0.000035 seconds.
  path: Assets/Tiles/FinalScene/tileset_49.asset
  artifactKey: Guid(07334b52e53d1cd418f946eeeabbd354) Importer(815301076,1909f56bfc062723c751e8b465ee728b)
Start importing Assets/Tiles/FinalScene/tileset_49.asset using Guid(07334b52e53d1cd418f946eeeabbd354) Importer(815301076,1909f56bfc062723c751e8b465ee728b) [PhysX] Initialized MultithreadedTaskDispatcher with 12 workers.
 -> (artifact id: 'a5c46a3a81857ee10dc256b4c73539f7') in 0.028752 seconds
Number of updated asset objects reloaded before import = 0
Number of asset objects unloaded after import = 3
========================================================================
Received Import Request.
  Time since last request: 0.000046 seconds.
  path: Assets/Tiles/FinalScene/tileset_65.asset
  artifactKey: Guid(739b8697d434072479939d1b91b3f282) Importer(815301076,1909f56bfc062723c751e8b465ee728b)
Start importing Assets/Tiles/FinalScene/tileset_65.asset using Guid(739b8697d434072479939d1b91b3f282) Importer(815301076,1909f56bfc062723c751e8b465ee728b) [PhysX] Initialized MultithreadedTaskDispatcher with 12 workers.
 -> (artifact id: 'b9bf4fe85af1420696eb7e4906434328') in 0.018382 seconds
Number of updated asset objects reloaded before import = 0
Number of asset objects unloaded after import = 3
========================================================================
Received Import Request.
  Time since last request: 0.000091 seconds.
  path: Assets/Tiles/FinalScene/tileset_46.asset
  artifactKey: Guid(5d49f8a66d21966408b1b3be7be47b95) Importer(815301076,1909f56bfc062723c751e8b465ee728b)
Start importing Assets/Tiles/FinalScene/tileset_46.asset using Guid(5d49f8a66d21966408b1b3be7be47b95) Importer(815301076,1909f56bfc062723c751e8b465ee728b) [PhysX] Initialized MultithreadedTaskDispatcher with 12 workers.
 -> (artifact id: 'f57f32a321801b707304e923231a87be') in 0.015581 seconds
Number of updated asset objects reloaded before import = 0
Number of asset objects unloaded after import = 3
========================================================================
Received Import Request.
  Time since last request: 0.000034 seconds.
  path: Assets/Tiles/FinalScene/tileset_29.asset
  artifactKey: Guid(e415717dda50c6d4799bae68f1bf48fb) Importer(815301076,1909f56bfc062723c751e8b465ee728b)
Start importing Assets/Tiles/FinalScene/tileset_29.asset using Guid(e415717dda50c6d4799bae68f1bf48fb) Importer(815301076,1909f56bfc062723c751e8b465ee728b) [PhysX] Initialized MultithreadedTaskDispatcher with 12 workers.
 -> (artifact id: '17cefcdcc4faf7067e5d98f1ea94998a') in 0.021279 seconds
Number of updated asset objects reloaded before import = 0
Number of asset objects unloaded after import = 3
========================================================================
Received Import Request.
  Time since last request: 0.000054 seconds.
  path: Assets/Tiles/FinalScene/tileset_72.asset
  artifactKey: Guid(729c57d0f398a7b41ac0f032f26967fc) Importer(815301076,1909f56bfc062723c751e8b465ee728b)
Start importing Assets/Tiles/FinalScene/tileset_72.asset using Guid(729c57d0f398a7b41ac0f032f26967fc) Importer(815301076,1909f56bfc062723c751e8b465ee728b) [PhysX] Initialized MultithreadedTaskDispatcher with 12 workers.
 -> (artifact id: '4a03863888b334c7824211096469202a') in 0.017414 seconds
Number of updated asset objects reloaded before import = 0
Number of asset objects unloaded after import = 3
========================================================================
Received Import Request.
  Time since last request: 0.000040 seconds.
  path: Assets/Tiles/FinalScene/tileset_55.asset
  artifactKey: Guid(eec2c806f8ea63a4eab1534d5b9032a3) Importer(815301076,1909f56bfc062723c751e8b465ee728b)
Start importing Assets/Tiles/FinalScene/tileset_55.asset using Guid(eec2c806f8ea63a4eab1534d5b9032a3) Importer(815301076,1909f56bfc062723c751e8b465ee728b) [PhysX] Initialized MultithreadedTaskDispatcher with 12 workers.
 -> (artifact id: '3f7b753e8e68ba86e55ca0ff5ff6bd07') in 0.017565 seconds
Number of updated asset objects reloaded before import = 0
Number of asset objects unloaded after import = 3
========================================================================
Received Import Request.
  Time since last request: 0.000030 seconds.
  path: Assets/Tiles/FinalScene/tileset_63.asset
  artifactKey: Guid(1ce5fffb39332b24b8cab046e089e548) Importer(815301076,1909f56bfc062723c751e8b465ee728b)
Start importing Assets/Tiles/FinalScene/tileset_63.asset using Guid(1ce5fffb39332b24b8cab046e089e548) Importer(815301076,1909f56bfc062723c751e8b465ee728b) [PhysX] Initialized MultithreadedTaskDispatcher with 12 workers.
 -> (artifact id: 'fcfd666479aa9625c41b39909d8cab4f') in 0.019229 seconds
Number of updated asset objects reloaded before import = 0
Number of asset objects unloaded after import = 3
========================================================================
Received Import Request.
  Time since last request: 0.000036 seconds.
  path: Assets/Tiles/FinalScene/tileset_64.asset
  artifactKey: Guid(b7c1eb30e14b51240b5fc2ebaeb7e7ad) Importer(815301076,1909f56bfc062723c751e8b465ee728b)
Start importing Assets/Tiles/FinalScene/tileset_64.asset using Guid(b7c1eb30e14b51240b5fc2ebaeb7e7ad) Importer(815301076,1909f56bfc062723c751e8b465ee728b) [PhysX] Initialized MultithreadedTaskDispatcher with 12 workers.
 -> (artifact id: 'de7c1c41e576139d966f6127562aef7e') in 0.018579 seconds
Number of updated asset objects reloaded before import = 0
Number of asset objects unloaded after import = 3
========================================================================
Received Import Request.
  Time since last request: 0.000031 seconds.
  path: Assets/Tiles/FinalScene/tileset_39.asset
  artifactKey: Guid(887d4afa98fc3b94b81e22a2aad1492f) Importer(815301076,1909f56bfc062723c751e8b465ee728b)
Start importing Assets/Tiles/FinalScene/tileset_39.asset using Guid(887d4afa98fc3b94b81e22a2aad1492f) Importer(815301076,1909f56bfc062723c751e8b465ee728b) [PhysX] Initialized MultithreadedTaskDispatcher with 12 workers.
 -> (artifact id: '213a472fc11bd8006fea4e29e100698f') in 0.019159 seconds
Number of updated asset objects reloaded before import = 0
Number of asset objects unloaded after import = 3
========================================================================
Received Import Request.
  Time since last request: 0.000054 seconds.
  path: Assets/Tiles/FinalScene/tileset_3.asset
  artifactKey: Guid(03d8b6ccb162b5742af1dd211424ee2b) Importer(815301076,1909f56bfc062723c751e8b465ee728b)
Start importing Assets/Tiles/FinalScene/tileset_3.asset using Guid(03d8b6ccb162b5742af1dd211424ee2b) Importer(815301076,1909f56bfc062723c751e8b465ee728b) [PhysX] Initialized MultithreadedTaskDispatcher with 12 workers.
 -> (artifact id: 'd1fc3e13d943f0e17a188010579bdf28') in 0.016707 seconds
Number of updated asset objects reloaded before import = 0
Number of asset objects unloaded after import = 3
========================================================================
Received Import Request.
  Time since last request: 0.000076 seconds.
  path: Assets/Tiles/FinalScene/tileset_8.asset
  artifactKey: Guid(f783cc79989574d4a8d9428a6dcf5305) Importer(815301076,1909f56bfc062723c751e8b465ee728b)
Start importing Assets/Tiles/FinalScene/tileset_8.asset using Guid(f783cc79989574d4a8d9428a6dcf5305) Importer(815301076,1909f56bfc062723c751e8b465ee728b) [PhysX] Initialized MultithreadedTaskDispatcher with 12 workers.
 -> (artifact id: '1f6b92c564a724d2f93913555a242e05') in 0.017209 seconds
Number of updated asset objects reloaded before import = 0
Number of asset objects unloaded after import = 3
========================================================================
Received Import Request.
  Time since last request: 0.000032 seconds.
  path: Assets/Tiles/FinalScene/tileset_1.asset
  artifactKey: Guid(19e5a1aa09663d54792637fa43466c53) Importer(815301076,1909f56bfc062723c751e8b465ee728b)
Start importing Assets/Tiles/FinalScene/tileset_1.asset using Guid(19e5a1aa09663d54792637fa43466c53) Importer(815301076,1909f56bfc062723c751e8b465ee728b) [PhysX] Initialized MultithreadedTaskDispatcher with 12 workers.
 -> (artifact id: 'c1f6cc91b73767d169860744537957ef') in 0.019239 seconds
Number of updated asset objects reloaded before import = 0
Number of asset objects unloaded after import = 3
========================================================================
Received Import Request.
  Time since last request: 0.000035 seconds.
  path: Assets/Tiles/FinalScene/tileset_7.asset
  artifactKey: Guid(afc9f5310a45d494fb2dd7cf5da2d982) Importer(815301076,1909f56bfc062723c751e8b465ee728b)
Start importing Assets/Tiles/FinalScene/tileset_7.asset using Guid(afc9f5310a45d494fb2dd7cf5da2d982) Importer(815301076,1909f56bfc062723c751e8b465ee728b) [PhysX] Initialized MultithreadedTaskDispatcher with 12 workers.
 -> (artifact id: '10fbc07fd785107e62c1092598e0110f') in 0.021351 seconds
Number of updated asset objects reloaded before import = 0
Number of asset objects unloaded after import = 3
========================================================================
Received Import Request.
  Time since last request: 0.000031 seconds.
  path: Assets/Tiles/FinalScene/tileset_48.asset
  artifactKey: Guid(99e332352d8405d469832bd68f92f9a0) Importer(815301076,1909f56bfc062723c751e8b465ee728b)
Start importing Assets/Tiles/FinalScene/tileset_48.asset using Guid(99e332352d8405d469832bd68f92f9a0) Importer(815301076,1909f56bfc062723c751e8b465ee728b) [PhysX] Initialized MultithreadedTaskDispatcher with 12 workers.
 -> (artifact id: '88c3e1357125c7e75007095381898259') in 0.021995 seconds
Number of updated asset objects reloaded before import = 0
Number of asset objects unloaded after import = 3
========================================================================
Received Import Request.
  Time since last request: 0.000039 seconds.
  path: Assets/Tiles/FinalScene/tileset_32.asset
  artifactKey: Guid(2f8d208cff2a8ba47ba752567d885e57) Importer(815301076,1909f56bfc062723c751e8b465ee728b)
Start importing Assets/Tiles/FinalScene/tileset_32.asset using Guid(2f8d208cff2a8ba47ba752567d885e57) Importer(815301076,1909f56bfc062723c751e8b465ee728b) [PhysX] Initialized MultithreadedTaskDispatcher with 12 workers.
 -> (artifact id: '78f4b0eda35eed3c0b199ef8c8df4b7b') in 0.015722 seconds
Number of updated asset objects reloaded before import = 0
Number of asset objects unloaded after import = 3
========================================================================
Received Import Request.
  Time since last request: 0.000049 seconds.
  path: Assets/Tiles/FinalScene/tileset_61.asset
  artifactKey: Guid(a1d028e3f1cd3964a957b660daa066b9) Importer(815301076,1909f56bfc062723c751e8b465ee728b)
Start importing Assets/Tiles/FinalScene/tileset_61.asset using Guid(a1d028e3f1cd3964a957b660daa066b9) Importer(815301076,1909f56bfc062723c751e8b465ee728b) [PhysX] Initialized MultithreadedTaskDispatcher with 12 workers.
 -> (artifact id: '39c3563dffa5d0bd7af5255317b19c78') in 0.019598 seconds
Number of updated asset objects reloaded before import = 0
Number of asset objects unloaded after import = 3
========================================================================
Received Import Request.
  Time since last request: 0.000043 seconds.
  path: Assets/Tiles/FinalScene/tileset_22.asset
  artifactKey: Guid(10d7b9d330289704298b2d0a726ccbe6) Importer(815301076,1909f56bfc062723c751e8b465ee728b)
Start importing Assets/Tiles/FinalScene/tileset_22.asset using Guid(10d7b9d330289704298b2d0a726ccbe6) Importer(815301076,1909f56bfc062723c751e8b465ee728b) [PhysX] Initialized MultithreadedTaskDispatcher with 12 workers.
 -> (artifact id: 'aae084f03e1232b6f942040796b99403') in 0.018106 seconds
Number of updated asset objects reloaded before import = 0
Number of asset objects unloaded after import = 3
========================================================================
Received Import Request.
  Time since last request: 0.000044 seconds.
  path: Assets/Tiles/FinalScene/tileset_45.asset
  artifactKey: Guid(917950730679ca94bb7d69da3a3237d6) Importer(815301076,1909f56bfc062723c751e8b465ee728b)
Start importing Assets/Tiles/FinalScene/tileset_45.asset using Guid(917950730679ca94bb7d69da3a3237d6) Importer(815301076,1909f56bfc062723c751e8b465ee728b) [PhysX] Initialized MultithreadedTaskDispatcher with 12 workers.
 -> (artifact id: 'b38a084f31a0251f916f8a72bdf91cb5') in 0.009315 seconds
Number of updated asset objects reloaded before import = 0
Number of asset objects unloaded after import = 3
========================================================================
Received Import Request.
  Time since last request: 0.000027 seconds.
  path: Assets/Tiles/FinalScene/tileset_56.asset
  artifactKey: Guid(d85ee0bde0ec8dc4283ec8318656501b) Importer(815301076,1909f56bfc062723c751e8b465ee728b)
Start importing Assets/Tiles/FinalScene/tileset_56.asset using Guid(d85ee0bde0ec8dc4283ec8318656501b) Importer(815301076,1909f56bfc062723c751e8b465ee728b) [PhysX] Initialized MultithreadedTaskDispatcher with 12 workers.
 -> (artifact id: '99cf9b2cb033b2b55916e78eb4aefdbf') in 0.021877 seconds
Number of updated asset objects reloaded before import = 0
Number of asset objects unloaded after import = 3
========================================================================
Received Import Request.
  Time since last request: 0.000034 seconds.
  path: Assets/Tiles/FinalScene/tileset_23.asset
  artifactKey: Guid(af4be7a0708c29a49b5582718839f8aa) Importer(815301076,1909f56bfc062723c751e8b465ee728b)
Start importing Assets/Tiles/FinalScene/tileset_23.asset using Guid(af4be7a0708c29a49b5582718839f8aa) Importer(815301076,1909f56bfc062723c751e8b465ee728b) [PhysX] Initialized MultithreadedTaskDispatcher with 12 workers.
 -> (artifact id: 'a845d0929951a93dff0762a565e4f455') in 0.021389 seconds
Number of updated asset objects reloaded before import = 0
Number of asset objects unloaded after import = 3
========================================================================
Received Import Request.
  Time since last request: 0.000037 seconds.
  path: Assets/Tiles/FinalScene/tileset_58.asset
  artifactKey: Guid(0044a66437324364083f7fa9d3e4b338) Importer(815301076,1909f56bfc062723c751e8b465ee728b)
Start importing Assets/Tiles/FinalScene/tileset_58.asset using Guid(0044a66437324364083f7fa9d3e4b338) Importer(815301076,1909f56bfc062723c751e8b465ee728b) [PhysX] Initialized MultithreadedTaskDispatcher with 12 workers.
 -> (artifact id: 'e0db6598d25254ae847794f97688fe70') in 0.010169 seconds
Number of updated asset objects reloaded before import = 0
Number of asset objects unloaded after import = 3
========================================================================
Received Import Request.
  Time since last request: 0.000044 seconds.
  path: Assets/Tiles/FinalScene/tileset_37.asset
  artifactKey: Guid(cb85d83b9b3d102429f033c5663d9560) Importer(815301076,1909f56bfc062723c751e8b465ee728b)
Start importing Assets/Tiles/FinalScene/tileset_37.asset using Guid(cb85d83b9b3d102429f033c5663d9560) Importer(815301076,1909f56bfc062723c751e8b465ee728b) [PhysX] Initialized MultithreadedTaskDispatcher with 12 workers.
 -> (artifact id: '65d81713809340776fa11197bb7498d0') in 0.015204 seconds
Number of updated asset objects reloaded before import = 0
Number of asset objects unloaded after import = 3
========================================================================
Received Import Request.
  Time since last request: 0.000027 seconds.
  path: Assets/Tiles/FinalScene/tileset_69.asset
  artifactKey: Guid(da4d784bb0a9ceb4a9cf2bc4df2c9a96) Importer(815301076,1909f56bfc062723c751e8b465ee728b)
Start importing Assets/Tiles/FinalScene/tileset_69.asset using Guid(da4d784bb0a9ceb4a9cf2bc4df2c9a96) Importer(815301076,1909f56bfc062723c751e8b465ee728b) [PhysX] Initialized MultithreadedTaskDispatcher with 12 workers.
 -> (artifact id: '30af1cf4db421f92f097876daee3dc1f') in 0.017429 seconds
Number of updated asset objects reloaded before import = 0
Number of asset objects unloaded after import = 3
========================================================================
Received Import Request.
  Time since last request: 0.000028 seconds.
  path: Assets/Tiles/FinalScene/tileset_2.asset
  artifactKey: Guid(7ba95d366691dec4e87646e43bdfef03) Importer(815301076,1909f56bfc062723c751e8b465ee728b)
Start importing Assets/Tiles/FinalScene/tileset_2.asset using Guid(7ba95d366691dec4e87646e43bdfef03) Importer(815301076,1909f56bfc062723c751e8b465ee728b) [PhysX] Initialized MultithreadedTaskDispatcher with 12 workers.
 -> (artifact id: 'aa0cd6fc1e8dc1ac0cd87951add49efa') in 0.016938 seconds
Number of updated asset objects reloaded before import = 0
Number of asset objects unloaded after import = 3
========================================================================
Received Import Request.
  Time since last request: 0.000034 seconds.
  path: Assets/Tiles/FinalScene/tileset_34.asset
  artifactKey: Guid(34c17353cf5a34041847a617f07f5f25) Importer(815301076,1909f56bfc062723c751e8b465ee728b)
Start importing Assets/Tiles/FinalScene/tileset_34.asset using Guid(34c17353cf5a34041847a617f07f5f25) Importer(815301076,1909f56bfc062723c751e8b465ee728b) [PhysX] Initialized MultithreadedTaskDispatcher with 12 workers.
 -> (artifact id: '477e2048527d575508a1e2d3f0679c0c') in 0.018708 seconds
Number of updated asset objects reloaded before import = 0
Number of asset objects unloaded after import = 3
========================================================================
Received Import Request.
  Time since last request: 0.000042 seconds.
  path: Assets/Tiles/FinalScene/tileset_52.asset
  artifactKey: Guid(14bc3af3c3d047b42b615683bb8afff5) Importer(815301076,1909f56bfc062723c751e8b465ee728b)
Start importing Assets/Tiles/FinalScene/tileset_52.asset using Guid(14bc3af3c3d047b42b615683bb8afff5) Importer(815301076,1909f56bfc062723c751e8b465ee728b) [PhysX] Initialized MultithreadedTaskDispatcher with 12 workers.
 -> (artifact id: 'fe7de15e5e46ba0e199222652e19a951') in 0.008161 seconds
Number of updated asset objects reloaded before import = 0
Number of asset objects unloaded after import = 3
========================================================================
Received Import Request.
  Time since last request: 0.000056 seconds.
  path: Assets/Tiles/FinalScene/tileset_42.asset
  artifactKey: Guid(6613ace40c591c24eb3edb7d4109fa9b) Importer(815301076,1909f56bfc062723c751e8b465ee728b)
Start importing Assets/Tiles/FinalScene/tileset_42.asset using Guid(6613ace40c591c24eb3edb7d4109fa9b) Importer(815301076,1909f56bfc062723c751e8b465ee728b) [PhysX] Initialized MultithreadedTaskDispatcher with 12 workers.
 -> (artifact id: '24c8abbb5aa91fce9ca70c740fe9dc57') in 0.009769 seconds
Number of updated asset objects reloaded before import = 0
Number of asset objects unloaded after import = 3
========================================================================
Received Import Request.
  Time since last request: 0.000030 seconds.
  path: Assets/Tiles/FinalScene/tileset_67.asset
  artifactKey: Guid(395a84883bfabe84b8bc3c2f66b586a0) Importer(815301076,1909f56bfc062723c751e8b465ee728b)
Start importing Assets/Tiles/FinalScene/tileset_67.asset using Guid(395a84883bfabe84b8bc3c2f66b586a0) Importer(815301076,1909f56bfc062723c751e8b465ee728b) [PhysX] Initialized MultithreadedTaskDispatcher with 12 workers.
 -> (artifact id: 'de5ce459f5e2b74ebfe7d2881f055340') in 0.019233 seconds
Number of updated asset objects reloaded before import = 0
Number of asset objects unloaded after import = 3
========================================================================
Received Import Request.
  Time since last request: 0.000039 seconds.
  path: Assets/Tiles/FinalScene/tileset_17.asset
  artifactKey: Guid(52b30963927be9346a8f36deac535ee0) Importer(815301076,1909f56bfc062723c751e8b465ee728b)
Start importing Assets/Tiles/FinalScene/tileset_17.asset using Guid(52b30963927be9346a8f36deac535ee0) Importer(815301076,1909f56bfc062723c751e8b465ee728b) [PhysX] Initialized MultithreadedTaskDispatcher with 12 workers.
 -> (artifact id: 'a53cfb4c0b8beaf7d4d73f4adec5d40e') in 0.018977 seconds
Number of updated asset objects reloaded before import = 0
Number of asset objects unloaded after import = 3
========================================================================
Received Import Request.
  Time since last request: 0.000048 seconds.
  path: Assets/Tiles/FinalScene/tileset_43.asset
  artifactKey: Guid(bc7750ba3461f444d8fa0a496cfad499) Importer(815301076,1909f56bfc062723c751e8b465ee728b)
Start importing Assets/Tiles/FinalScene/tileset_43.asset using Guid(bc7750ba3461f444d8fa0a496cfad499) Importer(815301076,1909f56bfc062723c751e8b465ee728b) [PhysX] Initialized MultithreadedTaskDispatcher with 12 workers.
 -> (artifact id: 'f0c032eaf7898e177f2c139897e7741b') in 0.018316 seconds
Number of updated asset objects reloaded before import = 0
Number of asset objects unloaded after import = 3
========================================================================
Received Import Request.
  Time since last request: 0.000032 seconds.
  path: Assets/Tiles/FinalScene/tileset_20.asset
  artifactKey: Guid(07ad0a968b550dc4182ebc3346c2c2e9) Importer(815301076,1909f56bfc062723c751e8b465ee728b)
Start importing Assets/Tiles/FinalScene/tileset_20.asset using Guid(07ad0a968b550dc4182ebc3346c2c2e9) Importer(815301076,1909f56bfc062723c751e8b465ee728b) [PhysX] Initialized MultithreadedTaskDispatcher with 12 workers.
 -> (artifact id: '7ac8d842c0d87c50fa6ca8ee26841f9d') in 0.019044 seconds
Number of updated asset objects reloaded before import = 0
Number of asset objects unloaded after import = 3
========================================================================
Received Import Request.
  Time since last request: 0.000026 seconds.
  path: Assets/Tiles/FinalScene/tileset_35.asset
  artifactKey: Guid(01f810e9fc5d6a742b8a137e44e1e174) Importer(815301076,1909f56bfc062723c751e8b465ee728b)
Start importing Assets/Tiles/FinalScene/tileset_35.asset using Guid(01f810e9fc5d6a742b8a137e44e1e174) Importer(815301076,1909f56bfc062723c751e8b465ee728b) [PhysX] Initialized MultithreadedTaskDispatcher with 12 workers.
 -> (artifact id: '78d945f59e784177426846eddc5f12c5') in 0.015016 seconds
Number of updated asset objects reloaded before import = 0
Number of asset objects unloaded after import = 3
========================================================================
Received Import Request.
  Time since last request: 0.000031 seconds.
  path: Assets/Tiles/FinalScene/tileset_33.asset
  artifactKey: Guid(dc7757322778d6b49986d9094b2017e9) Importer(815301076,1909f56bfc062723c751e8b465ee728b)
Start importing Assets/Tiles/FinalScene/tileset_33.asset using Guid(dc7757322778d6b49986d9094b2017e9) Importer(815301076,1909f56bfc062723c751e8b465ee728b) [PhysX] Initialized MultithreadedTaskDispatcher with 12 workers.
 -> (artifact id: '832e5db8c7275bea5d6ee8bd620e30ec') in 0.009181 seconds
Number of updated asset objects reloaded before import = 0
Number of asset objects unloaded after import = 3
========================================================================
Received Import Request.
  Time since last request: 0.000034 seconds.
  path: Assets/Tiles/FinalScene/tileset_44.asset
  artifactKey: Guid(1df11abd1e953b54e9199a7632ac2d7f) Importer(815301076,1909f56bfc062723c751e8b465ee728b)
Start importing Assets/Tiles/FinalScene/tileset_44.asset using Guid(1df11abd1e953b54e9199a7632ac2d7f) Importer(815301076,1909f56bfc062723c751e8b465ee728b) [PhysX] Initialized MultithreadedTaskDispatcher with 12 workers.
 -> (artifact id: 'eb83912de7ee287d2bc7cad3fe14625f') in 0.018320 seconds
Number of updated asset objects reloaded before import = 0
Number of asset objects unloaded after import = 3
========================================================================
Received Import Request.
  Time since last request: 0.000094 seconds.
  path: Assets/Tiles/FinalScene/tileset_73.asset
  artifactKey: Guid(355de1e5fe015e14088fb6723981a741) Importer(815301076,1909f56bfc062723c751e8b465ee728b)
Start importing Assets/Tiles/FinalScene/tileset_73.asset using Guid(355de1e5fe015e14088fb6723981a741) Importer(815301076,1909f56bfc062723c751e8b465ee728b) [PhysX] Initialized MultithreadedTaskDispatcher with 12 workers.
 -> (artifact id: '031f788083a9532c06d157b7b84c00ed') in 0.019655 seconds
Number of updated asset objects reloaded before import = 0
Number of asset objects unloaded after import = 3
========================================================================
Received Import Request.
  Time since last request: 0.000055 seconds.
  path: Assets/Tiles/FinalScene/tileset_15.asset
  artifactKey: Guid(198dcd436ad20bd43b62289e2c1218b5) Importer(815301076,1909f56bfc062723c751e8b465ee728b)
Start importing Assets/Tiles/FinalScene/tileset_15.asset using Guid(198dcd436ad20bd43b62289e2c1218b5) Importer(815301076,1909f56bfc062723c751e8b465ee728b) [PhysX] Initialized MultithreadedTaskDispatcher with 12 workers.
 -> (artifact id: '2f2aed5a4af1ebf75521436fd4abdc94') in 0.021980 seconds
Number of updated asset objects reloaded before import = 0
Number of asset objects unloaded after import = 3
========================================================================
Received Import Request.
  Time since last request: 0.000048 seconds.
  path: Assets/Tiles/FinalScene/tileset_30.asset
  artifactKey: Guid(4c85f4cadec54184183a383b1a4d2551) Importer(815301076,1909f56bfc062723c751e8b465ee728b)
Start importing Assets/Tiles/FinalScene/tileset_30.asset using Guid(4c85f4cadec54184183a383b1a4d2551) Importer(815301076,1909f56bfc062723c751e8b465ee728b) [PhysX] Initialized MultithreadedTaskDispatcher with 12 workers.
 -> (artifact id: 'a4946fc73308ee2fa423f5d1dcb516b9') in 0.016943 seconds
Number of updated asset objects reloaded before import = 0
Number of asset objects unloaded after import = 3
Editor requested this worker to shutdown with reason: Scaling down because of idle timeout
TcpMessagingSession - receive error: operation aborted. errorcode: 995, details:  /   -       .
AssetImportWorker is now disconnected from the server
Process exiting
Exiting without the bug reporter. Application will terminate with return code 0