Using pre-set license
Built from '2022.3/release' branch; Version is '2022.3.48f1 (8bf49c377ebf) revision 9172124'; Using compiler version '192829333'; Build Type 'Release'
OS: 'Windows 11  (10.0.26100) 64bit Professional' Language: 'ru' Physical Memory: 7549 MB
BatchMode: 1, IsHumanControllingUs: 0, StartBugReporterOnCrash: 0, Is64bit: 1, IsPro: 1

COMMAND LINE ARGUMENTS:
D:\Unity\Unity Editor\2022.3.48f1\Editor\Unity.exe
-adb2
-batchMode
-noUpm
-name
AssetImportWorker6
-projectPath
D:/Programming/TeamProject/TeamPlatformer/TeamPlatformer
-logFile
Logs/AssetImportWorker6.log
-srvPort
53483
Successfully changed project path to: D:/Programming/TeamProject/TeamPlatformer/TeamPlatformer
D:/Programming/TeamProject/TeamPlatformer/TeamPlatformer
[UnityMemory] Configuration Parameters - Can be set up in boot.config
    "memorysetup-bucket-allocator-granularity=16"
    "memorysetup-bucket-allocator-bucket-count=8"
    "memorysetup-bucket-allocator-block-size=33554432"
    "memorysetup-bucket-allocator-block-count=8"
    "memorysetup-main-allocator-block-size=16777216"
    "memorysetup-thread-allocator-block-size=16777216"
    "memorysetup-gfx-main-allocator-block-size=16777216"
    "memorysetup-gfx-thread-allocator-block-size=16777216"
    "memorysetup-cache-allocator-block-size=4194304"
    "memorysetup-typetree-allocator-block-size=2097152"
    "memorysetup-profiler-bucket-allocator-granularity=16"
    "memorysetup-profiler-bucket-allocator-bucket-count=8"
    "memorysetup-profiler-bucket-allocator-block-size=33554432"
    "memorysetup-profiler-bucket-allocator-block-count=8"
    "memorysetup-profiler-allocator-block-size=16777216"
    "memorysetup-profiler-editor-allocator-block-size=1048576"
    "memorysetup-temp-allocator-size-main=16777216"
    "memorysetup-job-temp-allocator-block-size=2097152"
    "memorysetup-job-temp-allocator-block-size-background=1048576"
    "memorysetup-job-temp-allocator-reduction-small-platforms=262144"
    "memorysetup-allocator-temp-initial-block-size-main=262144"
    "memorysetup-allocator-temp-initial-block-size-worker=262144"
    "memorysetup-temp-allocator-size-background-worker=32768"
    "memorysetup-temp-allocator-size-job-worker=262144"
    "memorysetup-temp-allocator-size-preload-manager=33554432"
    "memorysetup-temp-allocator-size-nav-mesh-worker=65536"
    "memorysetup-temp-allocator-size-audio-worker=65536"
    "memorysetup-temp-allocator-size-cloud-worker=32768"
    "memorysetup-temp-allocator-size-gi-baking-worker=262144"
    "memorysetup-temp-allocator-size-gfx=262144"
Player connection [8608]  Target information:

Player connection [8608]  * "[IP] 26.19.223.162 [Port] 0 [Flags] 2 [Guid] 4089357363 [EditorId] 4089357363 [Version] 1048832 [Id] WindowsEditor(7,DESKTOP-CFREUVU) [Debug] 1 [PackageName] WindowsEditor [ProjectName] Editor" 

Player connection [8608]  * "[IP] 192.168.100.96 [Port] 0 [Flags] 2 [Guid] 4089357363 [EditorId] 4089357363 [Version] 1048832 [Id] WindowsEditor(7,DESKTOP-CFREUVU) [Debug] 1 [PackageName] WindowsEditor [ProjectName] Editor" 

Player connection [8608] Host joined multi-casting on [225.0.0.222:54997]...
Player connection [8608] Host joined alternative multi-casting on [225.0.0.222:34997]...
[PhysX] Initialized MultithreadedTaskDispatcher with 12 workers.
Refreshing native plugins compatible for Editor in 19.13 ms, found 4 plugins.
Preloading 0 native plugins for Editor in 0.00 ms.
Initialize engine version: 2022.3.48f1 (8bf49c377ebf)
[Subsystems] Discovering subsystems at path D:/Unity/Unity Editor/2022.3.48f1/Editor/Data/Resources/UnitySubsystems
[Subsystems] Discovering subsystems at path D:/Programming/TeamProject/TeamPlatformer/TeamPlatformer/Assets
GfxDevice: creating device client; threaded=0; jobified=0
Direct3D:
    Version:  Direct3D 11.0 [level 11.1]
    Renderer: NVIDIA GeForce GTX 1650 (ID=0x1f99)
    Vendor:   NVIDIA
    VRAM:     3937 MB
    Driver:   32.0.15.6109
Initialize mono
Mono path[0] = 'D:/Unity/Unity Editor/2022.3.48f1/Editor/Data/Managed'
Mono path[1] = 'D:/Unity/Unity Editor/2022.3.48f1/Editor/Data/MonoBleedingEdge/lib/mono/unityjit-win32'
Mono config path = 'D:/Unity/Unity Editor/2022.3.48f1/Editor/Data/MonoBleedingEdge/etc'
Using monoOptions --debugger-agent=transport=dt_socket,embedding=1,server=y,suspend=n,address=127.0.0.1:56048
Begin MonoManager ReloadAssembly
Registering precompiled unity dll's ...
Register platform support module: D:/Unity/Unity Editor/2022.3.48f1/Editor/Data/PlaybackEngines/WebGLSupport/UnityEditor.WebGL.Extensions.dll
Register platform support module: D:/Unity/Unity Editor/2022.3.48f1/Editor/Data/PlaybackEngines/WindowsStandaloneSupport/UnityEditor.WindowsStandalone.Extensions.dll
Registered in 0.004596 seconds.
- Loaded All Assemblies, in  0.377 seconds
Native extension for WindowsStandalone target not found
Native extension for WebGL target not found
Mono: successfully reloaded assembly
- Finished resetting the current domain, in  0.272 seconds
Domain Reload Profiling: 649ms
	BeginReloadAssembly (123ms)
		ExecutionOrderSort (0ms)
		DisableScriptedObjects (0ms)
		BackupInstance (0ms)
		ReleaseScriptingObjects (0ms)
		CreateAndSetChildDomain (1ms)
	RebuildCommonClasses (37ms)
	RebuildNativeTypeToScriptingClass (11ms)
	initialDomainReloadingComplete (51ms)
	LoadAllAssembliesAndSetupDomain (155ms)
		LoadAssemblies (123ms)
		RebuildTransferFunctionScriptingTraits (0ms)
		AnalyzeDomain (152ms)
			TypeCache.Refresh (150ms)
				TypeCache.ScanAssembly (136ms)
			ScanForSourceGeneratedMonoScriptInfo (0ms)
			ResolveRequiredComponents (1ms)
	FinalizeReload (272ms)
		ReleaseScriptCaches (0ms)
		RebuildScriptCaches (0ms)
		SetupLoadedEditorAssemblies (222ms)
			LogAssemblyErrors (0ms)
			InitializePlatformSupportModulesInManaged (9ms)
			SetLoadedEditorAssemblies (5ms)
			RefreshPlugins (0ms)
			BeforeProcessingInitializeOnLoad (2ms)
			ProcessInitializeOnLoadAttributes (156ms)
			ProcessInitializeOnLoadMethodAttributes (50ms)
			AfterProcessingInitializeOnLoad (0ms)
			EditorAssembliesLoaded (0ms)
		ExecutionOrderSort2 (0ms)
		AwakeInstancesAfterBackupRestoration (0ms)
========================================================================
Worker process is ready to serve import requests
Caller must complete domain reload
Begin MonoManager ReloadAssembly
- Loaded All Assemblies, in  0.870 seconds
Native extension for WindowsStandalone target not found
Native extension for WebGL target not found
Package Manager log level set to [2]
[Package Manager] Server::EnsureServerProcessIsRunning -- launch failed, reason: Unity was launched with the -noUpm command-line argument
[Package Manager] UpmClient::Send -- Unable to send message (not connected to UPM process).
[Package Manager] Cannot connect to Unity Package Manager local server
Mono: successfully reloaded assembly
- Finished resetting the current domain, in  0.877 seconds
Domain Reload Profiling: 1748ms
	BeginReloadAssembly (174ms)
		ExecutionOrderSort (0ms)
		DisableScriptedObjects (6ms)
		BackupInstance (0ms)
		ReleaseScriptingObjects (0ms)
		CreateAndSetChildDomain (26ms)
	RebuildCommonClasses (35ms)
	RebuildNativeTypeToScriptingClass (11ms)
	initialDomainReloadingComplete (40ms)
	LoadAllAssembliesAndSetupDomain (610ms)
		LoadAssemblies (442ms)
		RebuildTransferFunctionScriptingTraits (0ms)
		AnalyzeDomain (269ms)
			TypeCache.Refresh (214ms)
				TypeCache.ScanAssembly (194ms)
			ScanForSourceGeneratedMonoScriptInfo (39ms)
			ResolveRequiredComponents (13ms)
	FinalizeReload (878ms)
		ReleaseScriptCaches (0ms)
		RebuildScriptCaches (0ms)
		SetupLoadedEditorAssemblies (665ms)
			LogAssemblyErrors (0ms)
			InitializePlatformSupportModulesInManaged (6ms)
			SetLoadedEditorAssemblies (6ms)
			RefreshPlugins (0ms)
			BeforeProcessingInitializeOnLoad (84ms)
			ProcessInitializeOnLoadAttributes (479ms)
			ProcessInitializeOnLoadMethodAttributes (86ms)
			AfterProcessingInitializeOnLoad (4ms)
			EditorAssembliesLoaded (0ms)
		ExecutionOrderSort2 (0ms)
		AwakeInstancesAfterBackupRestoration (7ms)
Launched and connected shader compiler UnityShaderCompiler.exe after 0.05 seconds
Refreshing native plugins compatible for Editor in 6.26 ms, found 4 plugins.
Preloading 0 native plugins for Editor in 0.00 ms.
Unloading 5861 Unused Serialized files (Serialized files now loaded: 0)
Unloading 52 unused Assets / (0.6 MB). Loaded Objects now: 6323.
Memory consumption went from 223.7 MB to 223.2 MB.
Total: 4.705300 ms (FindLiveObjects: 0.516300 ms CreateObjectMapping: 0.209000 ms MarkObjects: 3.663500 ms  DeleteObjects: 0.315000 ms)

AssetImportParameters requested are different than current active one (requested -> active):
  custom:container-demuxer-ogg: 62fdf1f143b41e24485cea50d1cbac27 -> 
  custom:video-codec-MediaFoundation-h265: 746d11721c4dcdbdad8f713fa42b33f4 -> 
  custom:video-decoder-ogg-theora: a1e56fd34408186e4bbccfd4996cb3dc -> 
  custom:framework-win-MediaFoundation: 216162199b28c13a410421893ffa2e32 -> 
  custom:CustomObjectIndexerAttribute: 72b91833f83ae208fae7752999fa3104 -> 
  custom:container-demuxer-webm: 4f35f7cbe854078d1ac9338744f61a02 -> 
  custom:container-muxer-webm: aa71ff27fc2769a1b78a27578f13a17b -> 
  custom:video-decoder-webm-vp8: 9c59270c3fd7afecdb556c50c9e8de78 -> 
  custom:SearchIndexIgnoredProperties: e643bd26f0fe6173181afceb89e7c659 -> 
  custom:AudioImporter_EditorPlatform: d09bf68614088b80899f8185d706f6e7 -> 
  custom:video-encoder-webm-vp8: eb34c28f22e8b96e1ab97ce403110664 -> 
  custom:audio-decoder-ogg-vorbis: bf7c407c2cedff20999df2af8eb42d56 -> 
  custom:audio-encoder-webm-vorbis: bf7c407c2cedff20999df2af8eb42d56 -> 
========================================================================
Received Import Request.
  Time since last request: 764970.592580 seconds.
  path: Assets/Tiles/EndScene/TX Village Props_34.asset
  artifactKey: Guid(406eb7d86b6ef6b45b00dd58c8c7fd9c) Importer(815301076,1909f56bfc062723c751e8b465ee728b)
Start importing Assets/Tiles/EndScene/TX Village Props_34.asset using Guid(406eb7d86b6ef6b45b00dd58c8c7fd9c) Importer(815301076,1909f56bfc062723c751e8b465ee728b) [PhysX] Initialized MultithreadedTaskDispatcher with 12 workers.
 -> (artifact id: '7f9e19fea7e7fef7c31f91b908f281b2') in 0.151688 seconds
Number of updated asset objects reloaded before import = 0
Number of asset objects unloaded after import = 3
========================================================================
Received Import Request.
  Time since last request: 0.000061 seconds.
  path: Assets/Tiles/EndScene/TX Village Props_48.asset
  artifactKey: Guid(4959e600548d02643a82c38643c8a14d) Importer(815301076,1909f56bfc062723c751e8b465ee728b)
Start importing Assets/Tiles/EndScene/TX Village Props_48.asset using Guid(4959e600548d02643a82c38643c8a14d) Importer(815301076,1909f56bfc062723c751e8b465ee728b) [PhysX] Initialized MultithreadedTaskDispatcher with 12 workers.
 -> (artifact id: '4643de26fcf789881ea3557650a6dac4') in 0.011129 seconds
Number of updated asset objects reloaded before import = 0
Number of asset objects unloaded after import = 3
========================================================================
Received Import Request.
  Time since last request: 0.000034 seconds.
  path: Assets/Tiles/EndScene/TX Village Props_65.asset
  artifactKey: Guid(3c954d8fbe6fef346969109b842d08f7) Importer(815301076,1909f56bfc062723c751e8b465ee728b)
Start importing Assets/Tiles/EndScene/TX Village Props_65.asset using Guid(3c954d8fbe6fef346969109b842d08f7) Importer(815301076,1909f56bfc062723c751e8b465ee728b) [PhysX] Initialized MultithreadedTaskDispatcher with 12 workers.
 -> (artifact id: '7bf249a954a5b711c1bb96763a950fec') in 0.009358 seconds
Number of updated asset objects reloaded before import = 0
Number of asset objects unloaded after import = 3
========================================================================
Received Import Request.
  Time since last request: 0.000024 seconds.
  path: Assets/Tiles/EndScene/TX Village Props_45.asset
  artifactKey: Guid(7c6d61e05f029e54ba788939868219cf) Importer(815301076,1909f56bfc062723c751e8b465ee728b)
Start importing Assets/Tiles/EndScene/TX Village Props_45.asset using Guid(7c6d61e05f029e54ba788939868219cf) Importer(815301076,1909f56bfc062723c751e8b465ee728b) [PhysX] Initialized MultithreadedTaskDispatcher with 12 workers.
 -> (artifact id: '3b41120cdf0fba9b6eb4bc7c96945802') in 0.018399 seconds
Number of updated asset objects reloaded before import = 0
Number of asset objects unloaded after import = 3
========================================================================
Received Import Request.
  Time since last request: 0.000034 seconds.
  path: Assets/Tiles/EndScene/TX Village Props_51.asset
  artifactKey: Guid(21ddf47027b3bb845a7d96053ccbc733) Importer(815301076,1909f56bfc062723c751e8b465ee728b)
Start importing Assets/Tiles/EndScene/TX Village Props_51.asset using Guid(21ddf47027b3bb845a7d96053ccbc733) Importer(815301076,1909f56bfc062723c751e8b465ee728b) [PhysX] Initialized MultithreadedTaskDispatcher with 12 workers.
 -> (artifact id: '9a3cc27f654f1c69325be1870840e716') in 0.011418 seconds
Number of updated asset objects reloaded before import = 0
Number of asset objects unloaded after import = 3
========================================================================
Received Import Request.
  Time since last request: 0.000076 seconds.
  path: Assets/Tiles/EndScene/TX Village Props_79.asset
  artifactKey: Guid(9584f2be7aa7ba546a56cf2676ae5ebc) Importer(815301076,1909f56bfc062723c751e8b465ee728b)
Start importing Assets/Tiles/EndScene/TX Village Props_79.asset using Guid(9584f2be7aa7ba546a56cf2676ae5ebc) Importer(815301076,1909f56bfc062723c751e8b465ee728b) [PhysX] Initialized MultithreadedTaskDispatcher with 12 workers.
 -> (artifact id: 'fd519d9b9947232a08bdc27d57a50aa1') in 0.016271 seconds
Number of updated asset objects reloaded before import = 0
Number of asset objects unloaded after import = 3
========================================================================
Received Import Request.
  Time since last request: 0.000029 seconds.
  path: Assets/Tiles/EndScene/TX Village Props_92.asset
  artifactKey: Guid(e216791fd7a75cf4cbccc169e64c9651) Importer(815301076,1909f56bfc062723c751e8b465ee728b)
Start importing Assets/Tiles/EndScene/TX Village Props_92.asset using Guid(e216791fd7a75cf4cbccc169e64c9651) Importer(815301076,1909f56bfc062723c751e8b465ee728b) [PhysX] Initialized MultithreadedTaskDispatcher with 12 workers.
 -> (artifact id: '07926bb1b8d4c4e16d1e5903735997dc') in 0.010125 seconds
Number of updated asset objects reloaded before import = 0
Number of asset objects unloaded after import = 3
========================================================================
Received Import Request.
  Time since last request: 0.000062 seconds.
  path: Assets/Tiles/EndScene/TX Village Props_100.asset
  artifactKey: Guid(6b65473a8a41c064c94fd1060379c3ee) Importer(815301076,1909f56bfc062723c751e8b465ee728b)
Start importing Assets/Tiles/EndScene/TX Village Props_100.asset using Guid(6b65473a8a41c064c94fd1060379c3ee) Importer(815301076,1909f56bfc062723c751e8b465ee728b) [PhysX] Initialized MultithreadedTaskDispatcher with 12 workers.
 -> (artifact id: '4edf7b15d362e99f9e3b31513221a0f7') in 0.010309 seconds
Number of updated asset objects reloaded before import = 0
Number of asset objects unloaded after import = 3
========================================================================
Received Import Request.
  Time since last request: 0.000037 seconds.
  path: Assets/Tiles/EndScene/TX Village Props_126.asset
  artifactKey: Guid(949542dac497ffd4e80ce324a545c60a) Importer(815301076,1909f56bfc062723c751e8b465ee728b)
Start importing Assets/Tiles/EndScene/TX Village Props_126.asset using Guid(949542dac497ffd4e80ce324a545c60a) Importer(815301076,1909f56bfc062723c751e8b465ee728b) [PhysX] Initialized MultithreadedTaskDispatcher with 12 workers.
 -> (artifact id: 'fb73f0f769388d7b03451bd9fd50a510') in 0.010542 seconds
Number of updated asset objects reloaded before import = 0
Number of asset objects unloaded after import = 3
========================================================================
Received Import Request.
  Time since last request: 0.000021 seconds.
  path: Assets/Tiles/EndScene/TX Village Props_122.asset
  artifactKey: Guid(4fa0ce006c6fa46499bf995bbe696705) Importer(815301076,1909f56bfc062723c751e8b465ee728b)
Start importing Assets/Tiles/EndScene/TX Village Props_122.asset using Guid(4fa0ce006c6fa46499bf995bbe696705) Importer(815301076,1909f56bfc062723c751e8b465ee728b) [PhysX] Initialized MultithreadedTaskDispatcher with 12 workers.
 -> (artifact id: '3806d61534282f69efb1a6bcb40bc132') in 0.012519 seconds
Number of updated asset objects reloaded before import = 0
Number of asset objects unloaded after import = 3
========================================================================
Received Import Request.
  Time since last request: 0.000033 seconds.
  path: Assets/Tiles/EndScene/TX Village Props_110.asset
  artifactKey: Guid(38ab63f0fd0127b4eae5fc30bf92dfbd) Importer(815301076,1909f56bfc062723c751e8b465ee728b)
Start importing Assets/Tiles/EndScene/TX Village Props_110.asset using Guid(38ab63f0fd0127b4eae5fc30bf92dfbd) Importer(815301076,1909f56bfc062723c751e8b465ee728b) [PhysX] Initialized MultithreadedTaskDispatcher with 12 workers.
 -> (artifact id: '0fa072d4410f1904582c905ffce07b86') in 0.009839 seconds
Number of updated asset objects reloaded before import = 0
Number of asset objects unloaded after import = 3
========================================================================
Received Import Request.
  Time since last request: 0.000045 seconds.
  path: Assets/Tiles/EndScene/TX Village Props_99.asset
  artifactKey: Guid(e0a81c27b181b4e47abf06c36bdd3542) Importer(815301076,1909f56bfc062723c751e8b465ee728b)
Start importing Assets/Tiles/EndScene/TX Village Props_99.asset using Guid(e0a81c27b181b4e47abf06c36bdd3542) Importer(815301076,1909f56bfc062723c751e8b465ee728b) [PhysX] Initialized MultithreadedTaskDispatcher with 12 workers.
 -> (artifact id: '69025b4d0170357e7ef88c00f1854fad') in 0.007901 seconds
Number of updated asset objects reloaded before import = 0
Number of asset objects unloaded after import = 3
========================================================================
Received Import Request.
  Time since last request: 0.000035 seconds.
  path: Assets/Tiles/EndScene/TX Village Props_116.asset
  artifactKey: Guid(d428d847e8441b846898679ba6fdc806) Importer(815301076,1909f56bfc062723c751e8b465ee728b)
Start importing Assets/Tiles/EndScene/TX Village Props_116.asset using Guid(d428d847e8441b846898679ba6fdc806) Importer(815301076,1909f56bfc062723c751e8b465ee728b) [PhysX] Initialized MultithreadedTaskDispatcher with 12 workers.
 -> (artifact id: '72a7080345618bd3a9804f1c7683a4d0') in 0.009400 seconds
Number of updated asset objects reloaded before import = 0
Number of asset objects unloaded after import = 3
========================================================================
Received Import Request.
  Time since last request: 0.000027 seconds.
  path: Assets/Tiles/EndScene/TX Village Props_80.asset
  artifactKey: Guid(5f5a5f0b7bf96fe45b00163dc3750f39) Importer(815301076,1909f56bfc062723c751e8b465ee728b)
Start importing Assets/Tiles/EndScene/TX Village Props_80.asset using Guid(5f5a5f0b7bf96fe45b00163dc3750f39) Importer(815301076,1909f56bfc062723c751e8b465ee728b) [PhysX] Initialized MultithreadedTaskDispatcher with 12 workers.
 -> (artifact id: '53b14a6d81a55eb824c805836b304d5e') in 0.008492 seconds
Number of updated asset objects reloaded before import = 0
Number of asset objects unloaded after import = 3
========================================================================
Received Import Request.
  Time since last request: 0.000026 seconds.
  path: Assets/Tiles/EndScene/TX Village Props_104.asset
  artifactKey: Guid(5e4125ef77aa8174ba6c40dad25e9bd1) Importer(815301076,1909f56bfc062723c751e8b465ee728b)
Start importing Assets/Tiles/EndScene/TX Village Props_104.asset using Guid(5e4125ef77aa8174ba6c40dad25e9bd1) Importer(815301076,1909f56bfc062723c751e8b465ee728b) [PhysX] Initialized MultithreadedTaskDispatcher with 12 workers.
 -> (artifact id: 'f4ab34c2ce7a2b0adbb1daf7c4fa8eb5') in 0.010813 seconds
Number of updated asset objects reloaded before import = 0
Number of asset objects unloaded after import = 3
========================================================================
Received Import Request.
  Time since last request: 0.000028 seconds.
  path: Assets/Tiles/EndScene/TX Village Props_117.asset
  artifactKey: Guid(925544a95990d8b4e9ef3d1764ec47b5) Importer(815301076,1909f56bfc062723c751e8b465ee728b)
Start importing Assets/Tiles/EndScene/TX Village Props_117.asset using Guid(925544a95990d8b4e9ef3d1764ec47b5) Importer(815301076,1909f56bfc062723c751e8b465ee728b) [PhysX] Initialized MultithreadedTaskDispatcher with 12 workers.
 -> (artifact id: 'c436fbe6eec92e31f12e0bfa9a0e4bb1') in 0.009689 seconds
Number of updated asset objects reloaded before import = 0
Number of asset objects unloaded after import = 3
========================================================================
Received Import Request.
  Time since last request: 0.000034 seconds.
  path: Assets/Tiles/EndScene/TX Village Props_87.asset
  artifactKey: Guid(4d99874c5f1b7d741a9f9f827c38a63e) Importer(815301076,1909f56bfc062723c751e8b465ee728b)
Start importing Assets/Tiles/EndScene/TX Village Props_87.asset using Guid(4d99874c5f1b7d741a9f9f827c38a63e) Importer(815301076,1909f56bfc062723c751e8b465ee728b) [PhysX] Initialized MultithreadedTaskDispatcher with 12 workers.
 -> (artifact id: 'a69dee17348864e197d39accd110b9fa') in 0.011392 seconds
Number of updated asset objects reloaded before import = 0
Number of asset objects unloaded after import = 3
========================================================================
Received Import Request.
  Time since last request: 0.000033 seconds.
  path: Assets/Tiles/EndScene/TX Village Props_64.asset
  artifactKey: Guid(41201830043eed24382c16425abe692f) Importer(815301076,1909f56bfc062723c751e8b465ee728b)
Start importing Assets/Tiles/EndScene/TX Village Props_64.asset using Guid(41201830043eed24382c16425abe692f) Importer(815301076,1909f56bfc062723c751e8b465ee728b) [PhysX] Initialized MultithreadedTaskDispatcher with 12 workers.
 -> (artifact id: '49826f875f221780c374feff63712834') in 0.010932 seconds
Number of updated asset objects reloaded before import = 0
Number of asset objects unloaded after import = 3
========================================================================
Received Import Request.
  Time since last request: 0.000036 seconds.
  path: Assets/Tiles/EndScene/TX Village Props_57.asset
  artifactKey: Guid(14d39b7afc1e74341857fda564fe0193) Importer(815301076,1909f56bfc062723c751e8b465ee728b)
Start importing Assets/Tiles/EndScene/TX Village Props_57.asset using Guid(14d39b7afc1e74341857fda564fe0193) Importer(815301076,1909f56bfc062723c751e8b465ee728b) [PhysX] Initialized MultithreadedTaskDispatcher with 12 workers.
 -> (artifact id: 'e7c7cdcf3c2e87c92ebe828f53275f20') in 0.012654 seconds
Number of updated asset objects reloaded before import = 0
Number of asset objects unloaded after import = 3
========================================================================
Received Import Request.
  Time since last request: 0.000036 seconds.
  path: Assets/Tiles/EndScene/TX Village Props_59.asset
  artifactKey: Guid(7cbd7baec8fa8a0449daef6d8b67b8e7) Importer(815301076,1909f56bfc062723c751e8b465ee728b)
Start importing Assets/Tiles/EndScene/TX Village Props_59.asset using Guid(7cbd7baec8fa8a0449daef6d8b67b8e7) Importer(815301076,1909f56bfc062723c751e8b465ee728b) [PhysX] Initialized MultithreadedTaskDispatcher with 12 workers.
 -> (artifact id: '29c6a2c9ca549207e2d98e1181998a47') in 0.010530 seconds
Number of updated asset objects reloaded before import = 0
Number of asset objects unloaded after import = 3
========================================================================
Received Import Request.
  Time since last request: 0.000033 seconds.
  path: Assets/Tiles/EndScene/TX Village Props_37.asset
  artifactKey: Guid(d1d8de210e90c0c4ab86e287e7718cfe) Importer(815301076,1909f56bfc062723c751e8b465ee728b)
Start importing Assets/Tiles/EndScene/TX Village Props_37.asset using Guid(d1d8de210e90c0c4ab86e287e7718cfe) Importer(815301076,1909f56bfc062723c751e8b465ee728b) [PhysX] Initialized MultithreadedTaskDispatcher with 12 workers.
 -> (artifact id: '247b9d16a1e0f09aa05b76fa5ff568f8') in 0.010461 seconds
Number of updated asset objects reloaded before import = 0
Number of asset objects unloaded after import = 3
========================================================================
Received Import Request.
  Time since last request: 0.000046 seconds.
  path: Assets/Tiles/EndScene/TX Village Props_53.asset
  artifactKey: Guid(9722a03ecc829a64fb8ee8ba35f9d0e3) Importer(815301076,1909f56bfc062723c751e8b465ee728b)
Start importing Assets/Tiles/EndScene/TX Village Props_53.asset using Guid(9722a03ecc829a64fb8ee8ba35f9d0e3) Importer(815301076,1909f56bfc062723c751e8b465ee728b) [PhysX] Initialized MultithreadedTaskDispatcher with 12 workers.
 -> (artifact id: '97429c725325ea53f7848a508410d482') in 0.010452 seconds
Number of updated asset objects reloaded before import = 0
Number of asset objects unloaded after import = 3
========================================================================
Received Import Request.
  Time since last request: 0.000027 seconds.
  path: Assets/Tiles/EndScene/TX Village Props_77.asset
  artifactKey: Guid(e8952d71d75aa4c439288289813acb08) Importer(815301076,1909f56bfc062723c751e8b465ee728b)
Start importing Assets/Tiles/EndScene/TX Village Props_77.asset using Guid(e8952d71d75aa4c439288289813acb08) Importer(815301076,1909f56bfc062723c751e8b465ee728b) [PhysX] Initialized MultithreadedTaskDispatcher with 12 workers.
 -> (artifact id: '4daf0c54c84a60ac20714df5018e3168') in 0.010078 seconds
Number of updated asset objects reloaded before import = 0
Number of asset objects unloaded after import = 3
========================================================================
Received Import Request.
  Time since last request: 0.000039 seconds.
  path: Assets/Tiles/EndScene/TX Village Props_75.asset
  artifactKey: Guid(3205a49d15df19f44a8d68a9ba34b4f9) Importer(815301076,1909f56bfc062723c751e8b465ee728b)
Start importing Assets/Tiles/EndScene/TX Village Props_75.asset using Guid(3205a49d15df19f44a8d68a9ba34b4f9) Importer(815301076,1909f56bfc062723c751e8b465ee728b) [PhysX] Initialized MultithreadedTaskDispatcher with 12 workers.
 -> (artifact id: '5facb47650e915c349f21bd03b0bda56') in 0.017074 seconds
Number of updated asset objects reloaded before import = 0
Number of asset objects unloaded after import = 3
========================================================================
Received Import Request.
  Time since last request: 0.000029 seconds.
  path: Assets/Tiles/EndScene/TX Village Props_98.asset
  artifactKey: Guid(b2c4531f22b099a43b8f37ff07179cdf) Importer(815301076,1909f56bfc062723c751e8b465ee728b)
Start importing Assets/Tiles/EndScene/TX Village Props_98.asset using Guid(b2c4531f22b099a43b8f37ff07179cdf) Importer(815301076,1909f56bfc062723c751e8b465ee728b) [PhysX] Initialized MultithreadedTaskDispatcher with 12 workers.
 -> (artifact id: '3b4bafc4cd6318178d31ef015bd807a9') in 0.010580 seconds
Number of updated asset objects reloaded before import = 0
Number of asset objects unloaded after import = 3
========================================================================
Received Import Request.
  Time since last request: 0.000030 seconds.
  path: Assets/Tiles/EndScene/TX Village Props_115.asset
  artifactKey: Guid(d72e6f57ad3f8f84da75713fbf7c3bb0) Importer(815301076,1909f56bfc062723c751e8b465ee728b)
Start importing Assets/Tiles/EndScene/TX Village Props_115.asset using Guid(d72e6f57ad3f8f84da75713fbf7c3bb0) Importer(815301076,1909f56bfc062723c751e8b465ee728b) [PhysX] Initialized MultithreadedTaskDispatcher with 12 workers.
 -> (artifact id: '24f322db271d46485d481b2c3398ebb0') in 0.011896 seconds
Number of updated asset objects reloaded before import = 0
Number of asset objects unloaded after import = 3
========================================================================
Received Import Request.
  Time since last request: 0.000045 seconds.
  path: Assets/Tiles/EndScene/TX Village Props_128.asset
  artifactKey: Guid(316efa09af180414d841258ef5e01b56) Importer(815301076,1909f56bfc062723c751e8b465ee728b)
Start importing Assets/Tiles/EndScene/TX Village Props_128.asset using Guid(316efa09af180414d841258ef5e01b56) Importer(815301076,1909f56bfc062723c751e8b465ee728b) [PhysX] Initialized MultithreadedTaskDispatcher with 12 workers.
 -> (artifact id: '67675ae0098e22153d6da4970a4250e0') in 0.011756 seconds
Number of updated asset objects reloaded before import = 0
Number of asset objects unloaded after import = 3
========================================================================
Received Import Request.
  Time since last request: 0.000061 seconds.
  path: Assets/Tiles/EndScene/TX Village Props_90.asset
  artifactKey: Guid(6b41240482f138d4fb4f336c0e9cc5c5) Importer(815301076,1909f56bfc062723c751e8b465ee728b)
Start importing Assets/Tiles/EndScene/TX Village Props_90.asset using Guid(6b41240482f138d4fb4f336c0e9cc5c5) Importer(815301076,1909f56bfc062723c751e8b465ee728b) [PhysX] Initialized MultithreadedTaskDispatcher with 12 workers.
 -> (artifact id: 'f1c04d3108814196f643922420c4c016') in 0.011760 seconds
Number of updated asset objects reloaded before import = 0
Number of asset objects unloaded after import = 3
========================================================================
Received Import Request.
  Time since last request: 0.000035 seconds.
  path: Assets/Tiles/EndScene/TX Village Props_93.asset
  artifactKey: Guid(c7edc633283a75f4e8bd1348b87dfa31) Importer(815301076,1909f56bfc062723c751e8b465ee728b)
Start importing Assets/Tiles/EndScene/TX Village Props_93.asset using Guid(c7edc633283a75f4e8bd1348b87dfa31) Importer(815301076,1909f56bfc062723c751e8b465ee728b) [PhysX] Initialized MultithreadedTaskDispatcher with 12 workers.
 -> (artifact id: 'e1ae54ab6d7bf543115e99aa3e0f6933') in 0.020852 seconds
Number of updated asset objects reloaded before import = 0
Number of asset objects unloaded after import = 3
========================================================================
Received Import Request.
  Time since last request: 0.000041 seconds.
  path: Assets/Tiles/EndScene/TX Village Props_41.asset
  artifactKey: Guid(a4558515d7cc8af41bfba56d85080a1a) Importer(815301076,1909f56bfc062723c751e8b465ee728b)
Start importing Assets/Tiles/EndScene/TX Village Props_41.asset using Guid(a4558515d7cc8af41bfba56d85080a1a) Importer(815301076,1909f56bfc062723c751e8b465ee728b) [PhysX] Initialized MultithreadedTaskDispatcher with 12 workers.
 -> (artifact id: '74201b2507d21e8aaee62d1cf88d5dce') in 0.019948 seconds
Number of updated asset objects reloaded before import = 0
Number of asset objects unloaded after import = 3
========================================================================
Received Import Request.
  Time since last request: 0.000039 seconds.
  path: Assets/Tiles/EndScene/TX Village Props_78.asset
  artifactKey: Guid(17aefb77aa7ea6843b6f2ecfecc93762) Importer(815301076,1909f56bfc062723c751e8b465ee728b)
Start importing Assets/Tiles/EndScene/TX Village Props_78.asset using Guid(17aefb77aa7ea6843b6f2ecfecc93762) Importer(815301076,1909f56bfc062723c751e8b465ee728b) [PhysX] Initialized MultithreadedTaskDispatcher with 12 workers.
 -> (artifact id: '0287df068db8272d49141cd8e37c2fb7') in 0.009744 seconds
Number of updated asset objects reloaded before import = 0
Number of asset objects unloaded after import = 3
========================================================================
Received Import Request.
  Time since last request: 0.000026 seconds.
  path: Assets/Tiles/EndScene/TX Village Props_50.asset
  artifactKey: Guid(1e93f3f3c61dfcd489c6a0abfbbf9010) Importer(815301076,1909f56bfc062723c751e8b465ee728b)
Start importing Assets/Tiles/EndScene/TX Village Props_50.asset using Guid(1e93f3f3c61dfcd489c6a0abfbbf9010) Importer(815301076,1909f56bfc062723c751e8b465ee728b) [PhysX] Initialized MultithreadedTaskDispatcher with 12 workers.
 -> (artifact id: 'cc1ddb74c903734a9642c000f9817858') in 0.019620 seconds
Number of updated asset objects reloaded before import = 0
Number of asset objects unloaded after import = 3
========================================================================
Received Import Request.
  Time since last request: 0.000052 seconds.
  path: Assets/Tiles/EndScene/TX Village Props_49.asset
  artifactKey: Guid(58acc6be436f88343ad7266499af44b9) Importer(815301076,1909f56bfc062723c751e8b465ee728b)
Start importing Assets/Tiles/EndScene/TX Village Props_49.asset using Guid(58acc6be436f88343ad7266499af44b9) Importer(815301076,1909f56bfc062723c751e8b465ee728b) [PhysX] Initialized MultithreadedTaskDispatcher with 12 workers.
 -> (artifact id: 'aa199340a2b70552bf668584dc086709') in 0.010912 seconds
Number of updated asset objects reloaded before import = 0
Number of asset objects unloaded after import = 3
========================================================================
Received Import Request.
  Time since last request: 0.000038 seconds.
  path: Assets/Tiles/EndScene/TX Village Props_71.asset
  artifactKey: Guid(e49ff8f28746f5948a221d52035e18f3) Importer(815301076,1909f56bfc062723c751e8b465ee728b)
Start importing Assets/Tiles/EndScene/TX Village Props_71.asset using Guid(e49ff8f28746f5948a221d52035e18f3) Importer(815301076,1909f56bfc062723c751e8b465ee728b) [PhysX] Initialized MultithreadedTaskDispatcher with 12 workers.
 -> (artifact id: '4056267f44f235ee40019b8f1b1e627a') in 0.009290 seconds
Number of updated asset objects reloaded before import = 0
Number of asset objects unloaded after import = 3
========================================================================
Received Import Request.
  Time since last request: 0.000058 seconds.
  path: Assets/Tiles/EndScene/TX Village Props_70.asset
  artifactKey: Guid(310b8a40b61bdc04cbb9089a236e8802) Importer(815301076,1909f56bfc062723c751e8b465ee728b)
Start importing Assets/Tiles/EndScene/TX Village Props_70.asset using Guid(310b8a40b61bdc04cbb9089a236e8802) Importer(815301076,1909f56bfc062723c751e8b465ee728b) [PhysX] Initialized MultithreadedTaskDispatcher with 12 workers.
 -> (artifact id: '157e674443fdcd85747aab59211f6367') in 0.011476 seconds
Number of updated asset objects reloaded before import = 0
Number of asset objects unloaded after import = 3
========================================================================
Received Import Request.
  Time since last request: 0.000039 seconds.
  path: Assets/Tiles/EndScene/TX Village Props_35.asset
  artifactKey: Guid(ca0e9a54273f72e4f8410a71d3e48330) Importer(815301076,1909f56bfc062723c751e8b465ee728b)
Start importing Assets/Tiles/EndScene/TX Village Props_35.asset using Guid(ca0e9a54273f72e4f8410a71d3e48330) Importer(815301076,1909f56bfc062723c751e8b465ee728b) [PhysX] Initialized MultithreadedTaskDispatcher with 12 workers.
 -> (artifact id: '0a0bb89efefa2733c1c1583d4e234c11') in 0.010530 seconds
Number of updated asset objects reloaded before import = 0
Number of asset objects unloaded after import = 3
========================================================================
Received Import Request.
  Time since last request: 0.000050 seconds.
  path: Assets/Tiles/EndScene/TX Village Props_111.asset
  artifactKey: Guid(b07b818fd568e464c9d4c57f34226071) Importer(815301076,1909f56bfc062723c751e8b465ee728b)
Start importing Assets/Tiles/EndScene/TX Village Props_111.asset using Guid(b07b818fd568e464c9d4c57f34226071) Importer(815301076,1909f56bfc062723c751e8b465ee728b) [PhysX] Initialized MultithreadedTaskDispatcher with 12 workers.
 -> (artifact id: 'a8966cfcb8d81efa9fa483a019885f7f') in 0.011912 seconds
Number of updated asset objects reloaded before import = 0
Number of asset objects unloaded after import = 3
========================================================================
Received Import Request.
  Time since last request: 0.000030 seconds.
  path: Assets/Tiles/EndScene/TX Village Props_39.asset
  artifactKey: Guid(e8cf1303f3c9df24181a51887daef915) Importer(815301076,1909f56bfc062723c751e8b465ee728b)
Start importing Assets/Tiles/EndScene/TX Village Props_39.asset using Guid(e8cf1303f3c9df24181a51887daef915) Importer(815301076,1909f56bfc062723c751e8b465ee728b) [PhysX] Initialized MultithreadedTaskDispatcher with 12 workers.
 -> (artifact id: '369212fcf87f0a5df8f3654c98770408') in 0.019762 seconds
Number of updated asset objects reloaded before import = 0
Number of asset objects unloaded after import = 3
========================================================================
Received Import Request.
  Time since last request: 0.000026 seconds.
  path: Assets/Tiles/EndScene/TX Village Props_88.asset
  artifactKey: Guid(64d22b73644a8264caabeab7b06130de) Importer(815301076,1909f56bfc062723c751e8b465ee728b)
Start importing Assets/Tiles/EndScene/TX Village Props_88.asset using Guid(64d22b73644a8264caabeab7b06130de) Importer(815301076,1909f56bfc062723c751e8b465ee728b) [PhysX] Initialized MultithreadedTaskDispatcher with 12 workers.
 -> (artifact id: '35b5223b1ceb19eb94d52492b93d9f9d') in 0.009994 seconds
Number of updated asset objects reloaded before import = 0
Number of asset objects unloaded after import = 3
========================================================================
Received Import Request.
  Time since last request: 0.000031 seconds.
  path: Assets/Tiles/EndScene/TX Village Props_108.asset
  artifactKey: Guid(a2882863a7f4a0d4b984185207e920ee) Importer(815301076,1909f56bfc062723c751e8b465ee728b)
Start importing Assets/Tiles/EndScene/TX Village Props_108.asset using Guid(a2882863a7f4a0d4b984185207e920ee) Importer(815301076,1909f56bfc062723c751e8b465ee728b) [PhysX] Initialized MultithreadedTaskDispatcher with 12 workers.
 -> (artifact id: '05042d9fa93653dec1584c430f4ada6e') in 0.021532 seconds
Number of updated asset objects reloaded before import = 0
Number of asset objects unloaded after import = 3
========================================================================
Received Import Request.
  Time since last request: 0.000043 seconds.
  path: Assets/Tiles/EndScene/TX Village Props_82.asset
  artifactKey: Guid(158048964aa54f246ac98ef57e973288) Importer(815301076,1909f56bfc062723c751e8b465ee728b)
Start importing Assets/Tiles/EndScene/TX Village Props_82.asset using Guid(158048964aa54f246ac98ef57e973288) Importer(815301076,1909f56bfc062723c751e8b465ee728b) [PhysX] Initialized MultithreadedTaskDispatcher with 12 workers.
 -> (artifact id: 'fd40a687e0cebcdceb174adad88cace8') in 0.012131 seconds
Number of updated asset objects reloaded before import = 0
Number of asset objects unloaded after import = 3
========================================================================
Received Import Request.
  Time since last request: 0.000044 seconds.
  path: Assets/Tiles/EndScene/TX Village Props_95.asset
  artifactKey: Guid(9940d1ba43de35c44b157b2d79e689d7) Importer(815301076,1909f56bfc062723c751e8b465ee728b)
Start importing Assets/Tiles/EndScene/TX Village Props_95.asset using Guid(9940d1ba43de35c44b157b2d79e689d7) Importer(815301076,1909f56bfc062723c751e8b465ee728b) [PhysX] Initialized MultithreadedTaskDispatcher with 12 workers.
 -> (artifact id: '67bfb16c251d19318d47bbb603a05cfc') in 0.011037 seconds
Number of updated asset objects reloaded before import = 0
Number of asset objects unloaded after import = 3
========================================================================
Received Import Request.
  Time since last request: 0.000094 seconds.
  path: Assets/Tiles/EndScene/TX Village Props_81.asset
  artifactKey: Guid(331b972365b42854eb2f467e0fa50e27) Importer(815301076,1909f56bfc062723c751e8b465ee728b)
Start importing Assets/Tiles/EndScene/TX Village Props_81.asset using Guid(331b972365b42854eb2f467e0fa50e27) Importer(815301076,1909f56bfc062723c751e8b465ee728b) [PhysX] Initialized MultithreadedTaskDispatcher with 12 workers.
 -> (artifact id: '3b953a7daa876fe1253b91f2366ead9a') in 0.018841 seconds
Number of updated asset objects reloaded before import = 0
Number of asset objects unloaded after import = 3
========================================================================
Received Import Request.
  Time since last request: 0.000039 seconds.
  path: Assets/Tiles/EndScene/TX Village Props_62.asset
  artifactKey: Guid(80761e6967b17144686a900fba0c316a) Importer(815301076,1909f56bfc062723c751e8b465ee728b)
Start importing Assets/Tiles/EndScene/TX Village Props_62.asset using Guid(80761e6967b17144686a900fba0c316a) Importer(815301076,1909f56bfc062723c751e8b465ee728b) [PhysX] Initialized MultithreadedTaskDispatcher with 12 workers.
 -> (artifact id: 'ff5e29e7831d9cee3293b23907bdb6cb') in 0.012198 seconds
Number of updated asset objects reloaded before import = 0
Number of asset objects unloaded after import = 3
========================================================================
Received Import Request.
  Time since last request: 0.000024 seconds.
  path: Assets/Tiles/EndScene/TX Village Props_97.asset
  artifactKey: Guid(4037b319a5f09794fb2870943f20daae) Importer(815301076,1909f56bfc062723c751e8b465ee728b)
Start importing Assets/Tiles/EndScene/TX Village Props_97.asset using Guid(4037b319a5f09794fb2870943f20daae) Importer(815301076,1909f56bfc062723c751e8b465ee728b) [PhysX] Initialized MultithreadedTaskDispatcher with 12 workers.
 -> (artifact id: '7ad97ac77f64219b243c9d7dc785d64e') in 0.011144 seconds
Number of updated asset objects reloaded before import = 0
Number of asset objects unloaded after import = 3
========================================================================
Received Import Request.
  Time since last request: 0.000024 seconds.
  path: Assets/Tiles/EndScene/TX Village Props_72.asset
  artifactKey: Guid(c150a561bdaa2c44790fb67f0857445b) Importer(815301076,1909f56bfc062723c751e8b465ee728b)
Start importing Assets/Tiles/EndScene/TX Village Props_72.asset using Guid(c150a561bdaa2c44790fb67f0857445b) Importer(815301076,1909f56bfc062723c751e8b465ee728b) [PhysX] Initialized MultithreadedTaskDispatcher with 12 workers.
 -> (artifact id: 'a32be13e85ac6001d73d42321f326322') in 0.012928 seconds
Number of updated asset objects reloaded before import = 0
Number of asset objects unloaded after import = 3
Editor requested this worker to shutdown with reason: Scaling down because of idle timeout
TcpMessagingSession - receive error: operation aborted. errorcode: 995, details: ќпераци€ ввода/вывода была прервана из-за завершени€ потока команд или по запросу приложени€.
AssetImportWorker is now disconnected from the server
Process exiting
Exiting without the bug reporter. Application will terminate with return code 0