Using pre-set license
Built from '2022.3/release' branch; Version is '2022.3.48f1 (8bf49c377ebf) revision 9172124'; Using compiler version '192829333'; Build Type 'Release'
OS: 'Windows 11  (10.0.26100) 64bit Professional' Language: 'ru' Physical Memory: 7549 MB
BatchMode: 1, IsHumanControllingUs: 0, StartBugReporterOnCrash: 0, Is64bit: 1, IsPro: 1

COMMAND LINE ARGUMENTS:
D:\Unity\Unity Editor\2022.3.48f1\Editor\Unity.exe
-adb2
-batchMode
-noUpm
-name
AssetImportWorker8
-projectPath
D:/Programming/TeamProject/TeamPlatformer/TeamPlatformer
-logFile
Logs/AssetImportWorker8.log
-srvPort
53483
Successfully changed project path to: D:/Programming/TeamProject/TeamPlatformer/TeamPlatformer
D:/Programming/TeamProject/TeamPlatformer/TeamPlatformer
[UnityMemory] Configuration Parameters - Can be set up in boot.config
    "memorysetup-bucket-allocator-granularity=16"
    "memorysetup-bucket-allocator-bucket-count=8"
    "memorysetup-bucket-allocator-block-size=33554432"
    "memorysetup-bucket-allocator-block-count=8"
    "memorysetup-main-allocator-block-size=16777216"
    "memorysetup-thread-allocator-block-size=16777216"
    "memorysetup-gfx-main-allocator-block-size=16777216"
    "memorysetup-gfx-thread-allocator-block-size=16777216"
    "memorysetup-cache-allocator-block-size=4194304"
    "memorysetup-typetree-allocator-block-size=2097152"
    "memorysetup-profiler-bucket-allocator-granularity=16"
    "memorysetup-profiler-bucket-allocator-bucket-count=8"
    "memorysetup-profiler-bucket-allocator-block-size=33554432"
    "memorysetup-profiler-bucket-allocator-block-count=8"
    "memorysetup-profiler-allocator-block-size=16777216"
    "memorysetup-profiler-editor-allocator-block-size=1048576"
    "memorysetup-temp-allocator-size-main=16777216"
    "memorysetup-job-temp-allocator-block-size=2097152"
    "memorysetup-job-temp-allocator-block-size-background=1048576"
    "memorysetup-job-temp-allocator-reduction-small-platforms=262144"
    "memorysetup-allocator-temp-initial-block-size-main=262144"
    "memorysetup-allocator-temp-initial-block-size-worker=262144"
    "memorysetup-temp-allocator-size-background-worker=32768"
    "memorysetup-temp-allocator-size-job-worker=262144"
    "memorysetup-temp-allocator-size-preload-manager=33554432"
    "memorysetup-temp-allocator-size-nav-mesh-worker=65536"
    "memorysetup-temp-allocator-size-audio-worker=65536"
    "memorysetup-temp-allocator-size-cloud-worker=32768"
    "memorysetup-temp-allocator-size-gi-baking-worker=262144"
    "memorysetup-temp-allocator-size-gfx=262144"
Player connection [17204]  Target information:

Player connection [17204]  * "[IP] 26.19.223.162 [Port] 0 [Flags] 2 [Guid] 2286835157 [EditorId] 2286835157 [Version] 1048832 [Id] WindowsEditor(7,DESKTOP-CFREUVU) [Debug] 1 [PackageName] WindowsEditor [ProjectName] Editor" 

Player connection [17204]  * "[IP] 192.168.100.96 [Port] 0 [Flags] 2 [Guid] 2286835157 [EditorId] 2286835157 [Version] 1048832 [Id] WindowsEditor(7,DESKTOP-CFREUVU) [Debug] 1 [PackageName] WindowsEditor [ProjectName] Editor" 

Player connection [17204] Host joined multi-casting on [225.0.0.222:54997]...
Player connection [17204] Host joined alternative multi-casting on [225.0.0.222:34997]...
[PhysX] Initialized MultithreadedTaskDispatcher with 12 workers.
Refreshing native plugins compatible for Editor in 22.68 ms, found 4 plugins.
Preloading 0 native plugins for Editor in 0.00 ms.
Initialize engine version: 2022.3.48f1 (8bf49c377ebf)
[Subsystems] Discovering subsystems at path D:/Unity/Unity Editor/2022.3.48f1/Editor/Data/Resources/UnitySubsystems
[Subsystems] Discovering subsystems at path D:/Programming/TeamProject/TeamPlatformer/TeamPlatformer/Assets
GfxDevice: creating device client; threaded=0; jobified=0
Direct3D:
    Version:  Direct3D 11.0 [level 11.1]
    Renderer: NVIDIA GeForce GTX 1650 (ID=0x1f99)
    Vendor:   NVIDIA
    VRAM:     3937 MB
    Driver:   32.0.15.6109
Initialize mono
Mono path[0] = 'D:/Unity/Unity Editor/2022.3.48f1/Editor/Data/Managed'
Mono path[1] = 'D:/Unity/Unity Editor/2022.3.48f1/Editor/Data/MonoBleedingEdge/lib/mono/unityjit-win32'
Mono config path = 'D:/Unity/Unity Editor/2022.3.48f1/Editor/Data/MonoBleedingEdge/etc'
Using monoOptions --debugger-agent=transport=dt_socket,embedding=1,server=y,suspend=n,address=127.0.0.1:56204
Begin MonoManager ReloadAssembly
Registering precompiled unity dll's ...
Register platform support module: D:/Unity/Unity Editor/2022.3.48f1/Editor/Data/PlaybackEngines/WebGLSupport/UnityEditor.WebGL.Extensions.dll
Register platform support module: D:/Unity/Unity Editor/2022.3.48f1/Editor/Data/PlaybackEngines/WindowsStandaloneSupport/UnityEditor.WindowsStandalone.Extensions.dll
Registered in 0.004810 seconds.
- Loaded All Assemblies, in  0.455 seconds
Native extension for WindowsStandalone target not found
Native extension for WebGL target not found
Mono: successfully reloaded assembly
- Finished resetting the current domain, in  0.286 seconds
Domain Reload Profiling: 741ms
	BeginReloadAssembly (142ms)
		ExecutionOrderSort (0ms)
		DisableScriptedObjects (0ms)
		BackupInstance (0ms)
		ReleaseScriptingObjects (0ms)
		CreateAndSetChildDomain (1ms)
	RebuildCommonClasses (41ms)
	RebuildNativeTypeToScriptingClass (16ms)
	initialDomainReloadingComplete (77ms)
	LoadAllAssembliesAndSetupDomain (180ms)
		LoadAssemblies (143ms)
		RebuildTransferFunctionScriptingTraits (0ms)
		AnalyzeDomain (175ms)
			TypeCache.Refresh (173ms)
				TypeCache.ScanAssembly (158ms)
			ScanForSourceGeneratedMonoScriptInfo (0ms)
			ResolveRequiredComponents (1ms)
	FinalizeReload (287ms)
		ReleaseScriptCaches (0ms)
		RebuildScriptCaches (0ms)
		SetupLoadedEditorAssemblies (228ms)
			LogAssemblyErrors (0ms)
			InitializePlatformSupportModulesInManaged (13ms)
			SetLoadedEditorAssemblies (6ms)
			RefreshPlugins (0ms)
			BeforeProcessingInitializeOnLoad (2ms)
			ProcessInitializeOnLoadAttributes (148ms)
			ProcessInitializeOnLoadMethodAttributes (58ms)
			AfterProcessingInitializeOnLoad (0ms)
			EditorAssembliesLoaded (0ms)
		ExecutionOrderSort2 (0ms)
		AwakeInstancesAfterBackupRestoration (0ms)
========================================================================
Worker process is ready to serve import requests
Caller must complete domain reload
Begin MonoManager ReloadAssembly
- Loaded All Assemblies, in  0.920 seconds
Native extension for WindowsStandalone target not found
Native extension for WebGL target not found
Package Manager log level set to [2]
[Package Manager] Server::EnsureServerProcessIsRunning -- launch failed, reason: Unity was launched with the -noUpm command-line argument
[Package Manager] UpmClient::Send -- Unable to send message (not connected to UPM process).
[Package Manager] Cannot connect to Unity Package Manager local server
Mono: successfully reloaded assembly
- Finished resetting the current domain, in  0.894 seconds
Domain Reload Profiling: 1814ms
	BeginReloadAssembly (173ms)
		ExecutionOrderSort (0ms)
		DisableScriptedObjects (6ms)
		BackupInstance (0ms)
		ReleaseScriptingObjects (0ms)
		CreateAndSetChildDomain (26ms)
	RebuildCommonClasses (35ms)
	RebuildNativeTypeToScriptingClass (11ms)
	initialDomainReloadingComplete (44ms)
	LoadAllAssembliesAndSetupDomain (656ms)
		LoadAssemblies (501ms)
		RebuildTransferFunctionScriptingTraits (0ms)
		AnalyzeDomain (253ms)
			TypeCache.Refresh (207ms)
				TypeCache.ScanAssembly (189ms)
			ScanForSourceGeneratedMonoScriptInfo (32ms)
			ResolveRequiredComponents (11ms)
	FinalizeReload (895ms)
		ReleaseScriptCaches (0ms)
		RebuildScriptCaches (0ms)
		SetupLoadedEditorAssemblies (707ms)
			LogAssemblyErrors (0ms)
			InitializePlatformSupportModulesInManaged (6ms)
			SetLoadedEditorAssemblies (6ms)
			RefreshPlugins (0ms)
			BeforeProcessingInitializeOnLoad (89ms)
			ProcessInitializeOnLoadAttributes (489ms)
			ProcessInitializeOnLoadMethodAttributes (114ms)
			AfterProcessingInitializeOnLoad (3ms)
			EditorAssembliesLoaded (0ms)
		ExecutionOrderSort2 (0ms)
		AwakeInstancesAfterBackupRestoration (7ms)
Launched and connected shader compiler UnityShaderCompiler.exe after 0.07 seconds
Refreshing native plugins compatible for Editor in 6.28 ms, found 4 plugins.
Preloading 0 native plugins for Editor in 0.00 ms.
Unloading 5861 Unused Serialized files (Serialized files now loaded: 0)
Unloading 52 unused Assets / (0.6 MB). Loaded Objects now: 6323.
Memory consumption went from 223.6 MB to 223.0 MB.
Total: 6.213700 ms (FindLiveObjects: 0.605800 ms CreateObjectMapping: 0.436400 ms MarkObjects: 4.597900 ms  DeleteObjects: 0.572200 ms)

AssetImportParameters requested are different than current active one (requested -> active):
  custom:container-demuxer-ogg: 62fdf1f143b41e24485cea50d1cbac27 -> 
  custom:video-codec-MediaFoundation-h265: 746d11721c4dcdbdad8f713fa42b33f4 -> 
  custom:video-decoder-ogg-theora: a1e56fd34408186e4bbccfd4996cb3dc -> 
  custom:framework-win-MediaFoundation: 216162199b28c13a410421893ffa2e32 -> 
  custom:CustomObjectIndexerAttribute: 72b91833f83ae208fae7752999fa3104 -> 
  custom:container-demuxer-webm: 4f35f7cbe854078d1ac9338744f61a02 -> 
  custom:container-muxer-webm: aa71ff27fc2769a1b78a27578f13a17b -> 
  custom:video-decoder-webm-vp8: 9c59270c3fd7afecdb556c50c9e8de78 -> 
  custom:SearchIndexIgnoredProperties: e643bd26f0fe6173181afceb89e7c659 -> 
  custom:AudioImporter_EditorPlatform: d09bf68614088b80899f8185d706f6e7 -> 
  custom:video-encoder-webm-vp8: eb34c28f22e8b96e1ab97ce403110664 -> 
  custom:audio-decoder-ogg-vorbis: bf7c407c2cedff20999df2af8eb42d56 -> 
  custom:audio-encoder-webm-vorbis: bf7c407c2cedff20999df2af8eb42d56 -> 
========================================================================
Received Import Request.
  Time since last request: 766111.503545 seconds.
  path: Assets/Tiles/EndScene/TX Village Props_43.asset
  artifactKey: Guid(e1eff8b8e9910dd48b8e3397ef62abe4) Importer(815301076,1909f56bfc062723c751e8b465ee728b)
Start importing Assets/Tiles/EndScene/TX Village Props_43.asset using Guid(e1eff8b8e9910dd48b8e3397ef62abe4) Importer(815301076,1909f56bfc062723c751e8b465ee728b) [PhysX] Initialized MultithreadedTaskDispatcher with 12 workers.
 -> (artifact id: '7b993f22bd454851221fa3520f7bc318') in 0.120287 seconds
Number of updated asset objects reloaded before import = 0
Number of asset objects unloaded after import = 3
========================================================================
Received Import Request.
  Time since last request: 0.000039 seconds.
  path: Assets/Tiles/EndScene/TX Village Props_64.asset
  artifactKey: Guid(41201830043eed24382c16425abe692f) Importer(815301076,1909f56bfc062723c751e8b465ee728b)
Start importing Assets/Tiles/EndScene/TX Village Props_64.asset using Guid(41201830043eed24382c16425abe692f) Importer(815301076,1909f56bfc062723c751e8b465ee728b) [PhysX] Initialized MultithreadedTaskDispatcher with 12 workers.
 -> (artifact id: '401b60265342d19cc526824376c9a23f') in 0.018131 seconds
Number of updated asset objects reloaded before import = 0
Number of asset objects unloaded after import = 3
========================================================================
Received Import Request.
  Time since last request: 0.000040 seconds.
  path: Assets/Tiles/EndScene/TX Village Props_50.asset
  artifactKey: Guid(1e93f3f3c61dfcd489c6a0abfbbf9010) Importer(815301076,1909f56bfc062723c751e8b465ee728b)
Start importing Assets/Tiles/EndScene/TX Village Props_50.asset using Guid(1e93f3f3c61dfcd489c6a0abfbbf9010) Importer(815301076,1909f56bfc062723c751e8b465ee728b) [PhysX] Initialized MultithreadedTaskDispatcher with 12 workers.
 -> (artifact id: '43c856e7e6439de2eb01712908b46d44') in 0.019395 seconds
Number of updated asset objects reloaded before import = 0
Number of asset objects unloaded after import = 3
========================================================================
Received Import Request.
  Time since last request: 0.000025 seconds.
  path: Assets/Tiles/EndScene/TX Village Props_47.asset
  artifactKey: Guid(bc1f4cba134dcad41a9d5b03a3e85087) Importer(815301076,1909f56bfc062723c751e8b465ee728b)
Start importing Assets/Tiles/EndScene/TX Village Props_47.asset using Guid(bc1f4cba134dcad41a9d5b03a3e85087) Importer(815301076,1909f56bfc062723c751e8b465ee728b) [PhysX] Initialized MultithreadedTaskDispatcher with 12 workers.
 -> (artifact id: 'c3ff5c1950adc14e9a80278073d45d57') in 0.018823 seconds
Number of updated asset objects reloaded before import = 0
Number of asset objects unloaded after import = 3
========================================================================
Received Import Request.
  Time since last request: 0.000076 seconds.
  path: Assets/Tiles/EndScene/TX Village Props_62.asset
  artifactKey: Guid(80761e6967b17144686a900fba0c316a) Importer(815301076,1909f56bfc062723c751e8b465ee728b)
Start importing Assets/Tiles/EndScene/TX Village Props_62.asset using Guid(80761e6967b17144686a900fba0c316a) Importer(815301076,1909f56bfc062723c751e8b465ee728b) [PhysX] Initialized MultithreadedTaskDispatcher with 12 workers.
 -> (artifact id: '11c18d89b40e75b936c99462a3f855ed') in 0.016566 seconds
Number of updated asset objects reloaded before import = 0
Number of asset objects unloaded after import = 3
========================================================================
Received Import Request.
  Time since last request: 0.187708 seconds.
  path: Assets/Tiles/EndScene/TX Village Props_67.asset
  artifactKey: Guid(7abc06de4e8d73c4d82328d0e1408c83) Importer(815301076,1909f56bfc062723c751e8b465ee728b)
Start importing Assets/Tiles/EndScene/TX Village Props_67.asset using Guid(7abc06de4e8d73c4d82328d0e1408c83) Importer(815301076,1909f56bfc062723c751e8b465ee728b) [PhysX] Initialized MultithreadedTaskDispatcher with 12 workers.
 -> (artifact id: '04ee59d1d7130d02ce9cf6fb99126e1a') in 0.010830 seconds
Number of updated asset objects reloaded before import = 0
Number of asset objects unloaded after import = 3
========================================================================
Received Import Request.
  Time since last request: 0.000028 seconds.
  path: Assets/Tiles/EndScene/TX Village Props_76.asset
  artifactKey: Guid(1b83c88b0068d1a4e9e33c21d67b52df) Importer(815301076,1909f56bfc062723c751e8b465ee728b)
Start importing Assets/Tiles/EndScene/TX Village Props_76.asset using Guid(1b83c88b0068d1a4e9e33c21d67b52df) Importer(815301076,1909f56bfc062723c751e8b465ee728b) [PhysX] Initialized MultithreadedTaskDispatcher with 12 workers.
 -> (artifact id: 'f41e2d1a944b326d4fdf27c398ad3b98') in 0.020057 seconds
Number of updated asset objects reloaded before import = 0
Number of asset objects unloaded after import = 3
========================================================================
Received Import Request.
  Time since last request: 0.000038 seconds.
  path: Assets/Tiles/EndScene/TX Village Props_86.asset
  artifactKey: Guid(13d505697aa91754e855d2a907530c4a) Importer(815301076,1909f56bfc062723c751e8b465ee728b)
Start importing Assets/Tiles/EndScene/TX Village Props_86.asset using Guid(13d505697aa91754e855d2a907530c4a) Importer(815301076,1909f56bfc062723c751e8b465ee728b) [PhysX] Initialized MultithreadedTaskDispatcher with 12 workers.
 -> (artifact id: '505708f46cece25ffd37384d70347816') in 0.021422 seconds
Number of updated asset objects reloaded before import = 0
Number of asset objects unloaded after import = 3
========================================================================
Received Import Request.
  Time since last request: 0.000045 seconds.
  path: Assets/Tiles/EndScene/TX Village Props_87.asset
  artifactKey: Guid(4d99874c5f1b7d741a9f9f827c38a63e) Importer(815301076,1909f56bfc062723c751e8b465ee728b)
Start importing Assets/Tiles/EndScene/TX Village Props_87.asset using Guid(4d99874c5f1b7d741a9f9f827c38a63e) Importer(815301076,1909f56bfc062723c751e8b465ee728b) [PhysX] Initialized MultithreadedTaskDispatcher with 12 workers.
 -> (artifact id: '7428a31b624ce131d586469799779935') in 0.011974 seconds
Number of updated asset objects reloaded before import = 0
Number of asset objects unloaded after import = 3
========================================================================
Received Import Request.
  Time since last request: 0.000055 seconds.
  path: Assets/Tiles/EndScene/TX Village Props_84.asset
  artifactKey: Guid(162e6d6bba54bc04aacc669bc795d94d) Importer(815301076,1909f56bfc062723c751e8b465ee728b)
Start importing Assets/Tiles/EndScene/TX Village Props_84.asset using Guid(162e6d6bba54bc04aacc669bc795d94d) Importer(815301076,1909f56bfc062723c751e8b465ee728b) [PhysX] Initialized MultithreadedTaskDispatcher with 12 workers.
 -> (artifact id: '2249af316d5a7240ce032b25365827a8') in 0.026359 seconds
Number of updated asset objects reloaded before import = 0
Number of asset objects unloaded after import = 3
========================================================================
Received Import Request.
  Time since last request: 0.000059 seconds.
  path: Assets/Tiles/EndScene/TX Village Props_71.asset
  artifactKey: Guid(e49ff8f28746f5948a221d52035e18f3) Importer(815301076,1909f56bfc062723c751e8b465ee728b)
Start importing Assets/Tiles/EndScene/TX Village Props_71.asset using Guid(e49ff8f28746f5948a221d52035e18f3) Importer(815301076,1909f56bfc062723c751e8b465ee728b) [PhysX] Initialized MultithreadedTaskDispatcher with 12 workers.
 -> (artifact id: '97d62c11305b74c2c5bc778a783b9d07') in 0.023683 seconds
Number of updated asset objects reloaded before import = 0
Number of asset objects unloaded after import = 3
========================================================================
Received Import Request.
  Time since last request: 0.000068 seconds.
  path: Assets/Tiles/EndScene/TX Village Props_82.asset
  artifactKey: Guid(158048964aa54f246ac98ef57e973288) Importer(815301076,1909f56bfc062723c751e8b465ee728b)
Start importing Assets/Tiles/EndScene/TX Village Props_82.asset using Guid(158048964aa54f246ac98ef57e973288) Importer(815301076,1909f56bfc062723c751e8b465ee728b) [PhysX] Initialized MultithreadedTaskDispatcher with 12 workers.
 -> (artifact id: '6013fc1911be05996f9b36c93396110b') in 0.017039 seconds
Number of updated asset objects reloaded before import = 0
Number of asset objects unloaded after import = 3
========================================================================
Received Import Request.
  Time since last request: 0.000044 seconds.
  path: Assets/Tiles/EndScene/TX Village Props_72.asset
  artifactKey: Guid(c150a561bdaa2c44790fb67f0857445b) Importer(815301076,1909f56bfc062723c751e8b465ee728b)
Start importing Assets/Tiles/EndScene/TX Village Props_72.asset using Guid(c150a561bdaa2c44790fb67f0857445b) Importer(815301076,1909f56bfc062723c751e8b465ee728b) [PhysX] Initialized MultithreadedTaskDispatcher with 12 workers.
 -> (artifact id: 'bacee088b549087224c81438d2e5e72e') in 0.012727 seconds
Number of updated asset objects reloaded before import = 0
Number of asset objects unloaded after import = 3
========================================================================
Received Import Request.
  Time since last request: 0.000055 seconds.
  path: Assets/Tiles/EndScene/TX Village Props_99.asset
  artifactKey: Guid(e0a81c27b181b4e47abf06c36bdd3542) Importer(815301076,1909f56bfc062723c751e8b465ee728b)
Start importing Assets/Tiles/EndScene/TX Village Props_99.asset using Guid(e0a81c27b181b4e47abf06c36bdd3542) Importer(815301076,1909f56bfc062723c751e8b465ee728b) [PhysX] Initialized MultithreadedTaskDispatcher with 12 workers.
 -> (artifact id: 'e9250ceeec487011c6a5319299d4abbe') in 0.012139 seconds
Number of updated asset objects reloaded before import = 0
Number of asset objects unloaded after import = 3
========================================================================
Received Import Request.
  Time since last request: 0.000039 seconds.
  path: Assets/Tiles/EndScene/TX Village Props_96.asset
  artifactKey: Guid(712e016fe047200458638562bbae86c9) Importer(815301076,1909f56bfc062723c751e8b465ee728b)
Start importing Assets/Tiles/EndScene/TX Village Props_96.asset using Guid(712e016fe047200458638562bbae86c9) Importer(815301076,1909f56bfc062723c751e8b465ee728b) [PhysX] Initialized MultithreadedTaskDispatcher with 12 workers.
 -> (artifact id: 'd2ebdb83cdf7c8f8125e29ede7b450c1') in 0.014359 seconds
Number of updated asset objects reloaded before import = 0
Number of asset objects unloaded after import = 3
========================================================================
Received Import Request.
  Time since last request: 0.000043 seconds.
  path: Assets/Tiles/EndScene/TX Village Props_93.asset
  artifactKey: Guid(c7edc633283a75f4e8bd1348b87dfa31) Importer(815301076,1909f56bfc062723c751e8b465ee728b)
Start importing Assets/Tiles/EndScene/TX Village Props_93.asset using Guid(c7edc633283a75f4e8bd1348b87dfa31) Importer(815301076,1909f56bfc062723c751e8b465ee728b) [PhysX] Initialized MultithreadedTaskDispatcher with 12 workers.
 -> (artifact id: 'e0ca07302aacbbbf7ecb19063c45da04') in 0.020227 seconds
Number of updated asset objects reloaded before import = 0
Number of asset objects unloaded after import = 3
========================================================================
Received Import Request.
  Time since last request: 0.000078 seconds.
  path: Assets/Tiles/EndScene/TX Village Props_97.asset
  artifactKey: Guid(4037b319a5f09794fb2870943f20daae) Importer(815301076,1909f56bfc062723c751e8b465ee728b)
Start importing Assets/Tiles/EndScene/TX Village Props_97.asset using Guid(4037b319a5f09794fb2870943f20daae) Importer(815301076,1909f56bfc062723c751e8b465ee728b) [PhysX] Initialized MultithreadedTaskDispatcher with 12 workers.
 -> (artifact id: '12f3cfc65349d3a3fc30480989423138') in 0.009441 seconds
Number of updated asset objects reloaded before import = 0
Number of asset objects unloaded after import = 3
========================================================================
Received Import Request.
  Time since last request: 1.161488 seconds.
  path: Assets/Tiles/EndScene/TX Village Props_103.asset
  artifactKey: Guid(c3185ab2cd3ad294cb26ae37ab404690) Importer(815301076,1909f56bfc062723c751e8b465ee728b)
Start importing Assets/Tiles/EndScene/TX Village Props_103.asset using Guid(c3185ab2cd3ad294cb26ae37ab404690) Importer(815301076,1909f56bfc062723c751e8b465ee728b) [PhysX] Initialized MultithreadedTaskDispatcher with 12 workers.
 -> (artifact id: 'f26e720c5094233da6cf56c87bafafe2') in 0.015035 seconds
Number of updated asset objects reloaded before import = 0
Number of asset objects unloaded after import = 3
========================================================================
Received Import Request.
  Time since last request: 0.000025 seconds.
  path: Assets/Tiles/EndScene/TX Village Props_110.asset
  artifactKey: Guid(38ab63f0fd0127b4eae5fc30bf92dfbd) Importer(815301076,1909f56bfc062723c751e8b465ee728b)
Start importing Assets/Tiles/EndScene/TX Village Props_110.asset using Guid(38ab63f0fd0127b4eae5fc30bf92dfbd) Importer(815301076,1909f56bfc062723c751e8b465ee728b) [PhysX] Initialized MultithreadedTaskDispatcher with 12 workers.
 -> (artifact id: '79c93fa8e782b296231f21bd2e875cef') in 0.011361 seconds
Number of updated asset objects reloaded before import = 0
Number of asset objects unloaded after import = 3
========================================================================
Received Import Request.
  Time since last request: 0.000036 seconds.
  path: Assets/Tiles/EndScene/TX Village Props_106.asset
  artifactKey: Guid(61f164ecccae394429ee677ba4eb746b) Importer(815301076,1909f56bfc062723c751e8b465ee728b)
Start importing Assets/Tiles/EndScene/TX Village Props_106.asset using Guid(61f164ecccae394429ee677ba4eb746b) Importer(815301076,1909f56bfc062723c751e8b465ee728b) [PhysX] Initialized MultithreadedTaskDispatcher with 12 workers.
 -> (artifact id: '8c6d880429188126edc975ed352fad1b') in 0.020695 seconds
Number of updated asset objects reloaded before import = 0
Number of asset objects unloaded after import = 3
========================================================================
Received Import Request.
  Time since last request: 0.000036 seconds.
  path: Assets/Tiles/EndScene/TX Village Props_117.asset
  artifactKey: Guid(925544a95990d8b4e9ef3d1764ec47b5) Importer(815301076,1909f56bfc062723c751e8b465ee728b)
Start importing Assets/Tiles/EndScene/TX Village Props_117.asset using Guid(925544a95990d8b4e9ef3d1764ec47b5) Importer(815301076,1909f56bfc062723c751e8b465ee728b) [PhysX] Initialized MultithreadedTaskDispatcher with 12 workers.
 -> (artifact id: 'c1da0467cd16eca62bef6c84648db2d8') in 0.013208 seconds
Number of updated asset objects reloaded before import = 0
Number of asset objects unloaded after import = 3
========================================================================
Received Import Request.
  Time since last request: 0.000034 seconds.
  path: Assets/Tiles/EndScene/TX Village Props_115.asset
  artifactKey: Guid(d72e6f57ad3f8f84da75713fbf7c3bb0) Importer(815301076,1909f56bfc062723c751e8b465ee728b)
Start importing Assets/Tiles/EndScene/TX Village Props_115.asset using Guid(d72e6f57ad3f8f84da75713fbf7c3bb0) Importer(815301076,1909f56bfc062723c751e8b465ee728b) [PhysX] Initialized MultithreadedTaskDispatcher with 12 workers.
 -> (artifact id: '9d34f9c173d4d380dcd44c8b4fa14633') in 0.020271 seconds
Number of updated asset objects reloaded before import = 0
Number of asset objects unloaded after import = 3
========================================================================
Received Import Request.
  Time since last request: 0.000052 seconds.
  path: Assets/Tiles/EndScene/TX Village Props_114.asset
  artifactKey: Guid(92f9ae72a7eee6d4ca73332e3a5de763) Importer(815301076,1909f56bfc062723c751e8b465ee728b)
Start importing Assets/Tiles/EndScene/TX Village Props_114.asset using Guid(92f9ae72a7eee6d4ca73332e3a5de763) Importer(815301076,1909f56bfc062723c751e8b465ee728b) [PhysX] Initialized MultithreadedTaskDispatcher with 12 workers.
 -> (artifact id: 'e6bb43a49e775f818d17943eb167ac24') in 0.010707 seconds
Number of updated asset objects reloaded before import = 0
Number of asset objects unloaded after import = 3
========================================================================
Received Import Request.
  Time since last request: 0.000029 seconds.
  path: Assets/Tiles/EndScene/TX Village Props_118.asset
  artifactKey: Guid(85a16748334e2fd40ad7c8baf474b3c2) Importer(815301076,1909f56bfc062723c751e8b465ee728b)
Start importing Assets/Tiles/EndScene/TX Village Props_118.asset using Guid(85a16748334e2fd40ad7c8baf474b3c2) Importer(815301076,1909f56bfc062723c751e8b465ee728b) [PhysX] Initialized MultithreadedTaskDispatcher with 12 workers.
 -> (artifact id: '5e0183377cfd2be58a7d19a5b67b67e5') in 0.024193 seconds
Number of updated asset objects reloaded before import = 0
Number of asset objects unloaded after import = 3
========================================================================
Received Import Request.
  Time since last request: 0.000057 seconds.
  path: Assets/Tiles/EndScene/TX Village Props_108.asset
  artifactKey: Guid(a2882863a7f4a0d4b984185207e920ee) Importer(815301076,1909f56bfc062723c751e8b465ee728b)
Start importing Assets/Tiles/EndScene/TX Village Props_108.asset using Guid(a2882863a7f4a0d4b984185207e920ee) Importer(815301076,1909f56bfc062723c751e8b465ee728b) [PhysX] Initialized MultithreadedTaskDispatcher with 12 workers.
 -> (artifact id: 'd78464ff6b1b6cce0403f6f8118454e7') in 0.021995 seconds
Number of updated asset objects reloaded before import = 0
Number of asset objects unloaded after import = 3
========================================================================
Received Import Request.
  Time since last request: 24.805193 seconds.
  path: Assets/Tiles/EndScene/TX Village Props_0.asset
  artifactKey: Guid(8fe103dfc15aeeb4f9bdd0c038f20fec) Importer(815301076,1909f56bfc062723c751e8b465ee728b)
Start importing Assets/Tiles/EndScene/TX Village Props_0.asset using Guid(8fe103dfc15aeeb4f9bdd0c038f20fec) Importer(815301076,1909f56bfc062723c751e8b465ee728b) [PhysX] Initialized MultithreadedTaskDispatcher with 12 workers.
 -> (artifact id: '6d9a5dc255ce594984de39f01c8d1e2d') in 0.029130 seconds
Number of updated asset objects reloaded before import = 0
Number of asset objects unloaded after import = 3
========================================================================
Received Import Request.
  Time since last request: 0.000030 seconds.
  path: Assets/Tiles/EndScene/TX Village Props_29.asset
  artifactKey: Guid(554baebce32bc8947b4c328407a6f770) Importer(815301076,1909f56bfc062723c751e8b465ee728b)
Start importing Assets/Tiles/EndScene/TX Village Props_29.asset using Guid(554baebce32bc8947b4c328407a6f770) Importer(815301076,1909f56bfc062723c751e8b465ee728b) [PhysX] Initialized MultithreadedTaskDispatcher with 12 workers.
 -> (artifact id: 'cc26f66c7e34969688820844f5baa0ef') in 0.020099 seconds
Number of updated asset objects reloaded before import = 0
Number of asset objects unloaded after import = 3
========================================================================
Received Import Request.
  Time since last request: 0.000027 seconds.
  path: Assets/Tiles/EndScene/TX Village Props_13.asset
  artifactKey: Guid(07e8d3eac70b98a41856ff5a405df6b0) Importer(815301076,1909f56bfc062723c751e8b465ee728b)
Start importing Assets/Tiles/EndScene/TX Village Props_13.asset using Guid(07e8d3eac70b98a41856ff5a405df6b0) Importer(815301076,1909f56bfc062723c751e8b465ee728b) [PhysX] Initialized MultithreadedTaskDispatcher with 12 workers.
 -> (artifact id: 'd809f9f39143b4cb9be8f32dd4b0485c') in 0.025711 seconds
Number of updated asset objects reloaded before import = 0
Number of asset objects unloaded after import = 3
========================================================================
Received Import Request.
  Time since last request: 0.000030 seconds.
  path: Assets/Tiles/EndScene/TX Village Props_21.asset
  artifactKey: Guid(95eddce43c10f42498db788051df8420) Importer(815301076,1909f56bfc062723c751e8b465ee728b)
Start importing Assets/Tiles/EndScene/TX Village Props_21.asset using Guid(95eddce43c10f42498db788051df8420) Importer(815301076,1909f56bfc062723c751e8b465ee728b) [PhysX] Initialized MultithreadedTaskDispatcher with 12 workers.
 -> (artifact id: '5147736c984e0d521eb65dddd24433db') in 0.019249 seconds
Number of updated asset objects reloaded before import = 0
Number of asset objects unloaded after import = 3
========================================================================
Received Import Request.
  Time since last request: 0.000043 seconds.
  path: Assets/Tiles/EndScene/TX Village Props_14.asset
  artifactKey: Guid(2fda0139ad1161149b82b456e3e3f1b9) Importer(815301076,1909f56bfc062723c751e8b465ee728b)
Start importing Assets/Tiles/EndScene/TX Village Props_14.asset using Guid(2fda0139ad1161149b82b456e3e3f1b9) Importer(815301076,1909f56bfc062723c751e8b465ee728b) [PhysX] Initialized MultithreadedTaskDispatcher with 12 workers.
 -> (artifact id: '402dcbe17d94ed9fc66f11521020c5ca') in 0.024873 seconds
Number of updated asset objects reloaded before import = 0
Number of asset objects unloaded after import = 3
========================================================================
Received Import Request.
  Time since last request: 0.000039 seconds.
  path: Assets/Tiles/EndScene/TX Village Props_5.asset
  artifactKey: Guid(14a72dde81ed9174da732bc234cde18a) Importer(815301076,1909f56bfc062723c751e8b465ee728b)
Start importing Assets/Tiles/EndScene/TX Village Props_5.asset using Guid(14a72dde81ed9174da732bc234cde18a) Importer(815301076,1909f56bfc062723c751e8b465ee728b) [PhysX] Initialized MultithreadedTaskDispatcher with 12 workers.
 -> (artifact id: '84e876d9720dd1a2145902aeda296e09') in 0.017792 seconds
Number of updated asset objects reloaded before import = 0
Number of asset objects unloaded after import = 3
========================================================================
Received Import Request.
  Time since last request: 0.000041 seconds.
  path: Assets/Tiles/EndScene/TX Village Props_19.asset
  artifactKey: Guid(5ebd21306d7559c429c1b18524bbe551) Importer(815301076,1909f56bfc062723c751e8b465ee728b)
Start importing Assets/Tiles/EndScene/TX Village Props_19.asset using Guid(5ebd21306d7559c429c1b18524bbe551) Importer(815301076,1909f56bfc062723c751e8b465ee728b) [PhysX] Initialized MultithreadedTaskDispatcher with 12 workers.
 -> (artifact id: 'ae00c968ef35940886bd0ae12e1964a5') in 0.015489 seconds
Number of updated asset objects reloaded before import = 0
Number of asset objects unloaded after import = 3
========================================================================
Received Import Request.
  Time since last request: 0.000429 seconds.
  path: Assets/Tiles/EndScene/TX Village Props_2.asset
  artifactKey: Guid(b5ff122653e67ef4a9b24fe748280e4c) Importer(815301076,1909f56bfc062723c751e8b465ee728b)
Start importing Assets/Tiles/EndScene/TX Village Props_2.asset using Guid(b5ff122653e67ef4a9b24fe748280e4c) Importer(815301076,1909f56bfc062723c751e8b465ee728b) [PhysX] Initialized MultithreadedTaskDispatcher with 12 workers.
 -> (artifact id: '022413e7da0ecb801c02c208bf54ab88') in 0.025441 seconds
Number of updated asset objects reloaded before import = 0
Number of asset objects unloaded after import = 3
========================================================================
Received Import Request.
  Time since last request: 0.000028 seconds.
  path: Assets/Tiles/EndScene/TX Village Props_6.asset
  artifactKey: Guid(d784e005db6b8a746aa4c06167399942) Importer(815301076,1909f56bfc062723c751e8b465ee728b)
Start importing Assets/Tiles/EndScene/TX Village Props_6.asset using Guid(d784e005db6b8a746aa4c06167399942) Importer(815301076,1909f56bfc062723c751e8b465ee728b) [PhysX] Initialized MultithreadedTaskDispatcher with 12 workers.
 -> (artifact id: 'f1c505a5a7426b87d7bbd4e1a3e80b8e') in 0.016643 seconds
Number of updated asset objects reloaded before import = 0
Number of asset objects unloaded after import = 3
========================================================================
Received Import Request.
  Time since last request: 0.000030 seconds.
  path: Assets/Tiles/EndScene/TX Village Props_12.asset
  artifactKey: Guid(92fe90c6efda4934a9cd7ad99ba2e460) Importer(815301076,1909f56bfc062723c751e8b465ee728b)
Start importing Assets/Tiles/EndScene/TX Village Props_12.asset using Guid(92fe90c6efda4934a9cd7ad99ba2e460) Importer(815301076,1909f56bfc062723c751e8b465ee728b) [PhysX] Initialized MultithreadedTaskDispatcher with 12 workers.
 -> (artifact id: '872e8a315e2620f4a3778500ae78f39d') in 0.016481 seconds
Number of updated asset objects reloaded before import = 0
Number of asset objects unloaded after import = 3
========================================================================
Received Import Request.
  Time since last request: 0.000025 seconds.
  path: Assets/Tiles/EndScene/TX Village Props_3.asset
  artifactKey: Guid(5dee75b6e2900334a87aff41eb55286b) Importer(815301076,1909f56bfc062723c751e8b465ee728b)
Start importing Assets/Tiles/EndScene/TX Village Props_3.asset using Guid(5dee75b6e2900334a87aff41eb55286b) Importer(815301076,1909f56bfc062723c751e8b465ee728b) [PhysX] Initialized MultithreadedTaskDispatcher with 12 workers.
 -> (artifact id: '0afeac7815fd50040706f9e971697070') in 0.017851 seconds
Number of updated asset objects reloaded before import = 0
Number of asset objects unloaded after import = 3
========================================================================
Received Import Request.
  Time since last request: 0.000024 seconds.
  path: Assets/Tiles/EndScene/TX Village Props_20.asset
  artifactKey: Guid(ea418ac8d0fd4024fa0d963daecf034f) Importer(815301076,1909f56bfc062723c751e8b465ee728b)
Start importing Assets/Tiles/EndScene/TX Village Props_20.asset using Guid(ea418ac8d0fd4024fa0d963daecf034f) Importer(815301076,1909f56bfc062723c751e8b465ee728b) [PhysX] Initialized MultithreadedTaskDispatcher with 12 workers.
 -> (artifact id: 'c412640001b5c2d79b1486d8bee7e181') in 0.018769 seconds
Number of updated asset objects reloaded before import = 0
Number of asset objects unloaded after import = 3
========================================================================
Received Import Request.
  Time since last request: 0.000027 seconds.
  path: Assets/Tiles/EndScene/TX Village Props_7.asset
  artifactKey: Guid(e5471fa250f31c547aa53d175d9ce0d3) Importer(815301076,1909f56bfc062723c751e8b465ee728b)
Start importing Assets/Tiles/EndScene/TX Village Props_7.asset using Guid(e5471fa250f31c547aa53d175d9ce0d3) Importer(815301076,1909f56bfc062723c751e8b465ee728b) [PhysX] Initialized MultithreadedTaskDispatcher with 12 workers.
 -> (artifact id: 'bca9a8669c801e79be54d3687b024b83') in 0.026751 seconds
Number of updated asset objects reloaded before import = 0
Number of asset objects unloaded after import = 3
========================================================================
Received Import Request.
  Time since last request: 0.000030 seconds.
  path: Assets/Tiles/EndScene/TX Village Props_10.asset
  artifactKey: Guid(5cbe3538c7e5bef4c9f359024dd5ba4a) Importer(815301076,1909f56bfc062723c751e8b465ee728b)
Start importing Assets/Tiles/EndScene/TX Village Props_10.asset using Guid(5cbe3538c7e5bef4c9f359024dd5ba4a) Importer(815301076,1909f56bfc062723c751e8b465ee728b) [PhysX] Initialized MultithreadedTaskDispatcher with 12 workers.
 -> (artifact id: 'a19f1b9f9bac15c684d53da469a80759') in 0.016788 seconds
Number of updated asset objects reloaded before import = 0
Number of asset objects unloaded after import = 3
========================================================================
Received Import Request.
  Time since last request: 0.627143 seconds.
  path: Assets/Tiles/EndScene/TX Village Props_31.asset
  artifactKey: Guid(00185a3a9981f7441ba5166be5e6d702) Importer(815301076,1909f56bfc062723c751e8b465ee728b)
Start importing Assets/Tiles/EndScene/TX Village Props_31.asset using Guid(00185a3a9981f7441ba5166be5e6d702) Importer(815301076,1909f56bfc062723c751e8b465ee728b) [PhysX] Initialized MultithreadedTaskDispatcher with 12 workers.
 -> (artifact id: 'f366cdb0da1c8cad4d1ada46b5242867') in 0.017152 seconds
Number of updated asset objects reloaded before import = 0
Number of asset objects unloaded after import = 3
========================================================================
Received Import Request.
  Time since last request: 0.000029 seconds.
  path: Assets/Tiles/EndScene/TX Village Props_33.asset
  artifactKey: Guid(106252edd25f75944b954c2725c44ff5) Importer(815301076,1909f56bfc062723c751e8b465ee728b)
Start importing Assets/Tiles/EndScene/TX Village Props_33.asset using Guid(106252edd25f75944b954c2725c44ff5) Importer(815301076,1909f56bfc062723c751e8b465ee728b) [PhysX] Initialized MultithreadedTaskDispatcher with 12 workers.
 -> (artifact id: '27b78247dcdf0dd33d3bc1d3a42d2755') in 0.018598 seconds
Number of updated asset objects reloaded before import = 0
Number of asset objects unloaded after import = 3
========================================================================
Received Import Request.
  Time since last request: 0.000026 seconds.
  path: Assets/Tiles/EndScene/TX Village Props_41.asset
  artifactKey: Guid(a4558515d7cc8af41bfba56d85080a1a) Importer(815301076,1909f56bfc062723c751e8b465ee728b)
Start importing Assets/Tiles/EndScene/TX Village Props_41.asset using Guid(a4558515d7cc8af41bfba56d85080a1a) Importer(815301076,1909f56bfc062723c751e8b465ee728b) [PhysX] Initialized MultithreadedTaskDispatcher with 12 workers.
 -> (artifact id: '1ca613f3e7cb68e7a9f409a8166c63a6') in 0.018519 seconds
Number of updated asset objects reloaded before import = 0
Number of asset objects unloaded after import = 3
========================================================================
Received Import Request.
  Time since last request: 0.000026 seconds.
  path: Assets/Tiles/EndScene/TX Village Props_36.asset
  artifactKey: Guid(5e0cac16466df604caf0a4d3220fd3e5) Importer(815301076,1909f56bfc062723c751e8b465ee728b)
Start importing Assets/Tiles/EndScene/TX Village Props_36.asset using Guid(5e0cac16466df604caf0a4d3220fd3e5) Importer(815301076,1909f56bfc062723c751e8b465ee728b) [PhysX] Initialized MultithreadedTaskDispatcher with 12 workers.
 -> (artifact id: 'b35b17071f848cd3c86ec0fd1144e160') in 0.016353 seconds
Number of updated asset objects reloaded before import = 0
Number of asset objects unloaded after import = 3
========================================================================
Received Import Request.
  Time since last request: 24.419572 seconds.
  path: Assets/Tiles/EndScene/TX Village Props_0.asset
  artifactKey: Guid(8fe103dfc15aeeb4f9bdd0c038f20fec) Importer(815301076,1909f56bfc062723c751e8b465ee728b)
Start importing Assets/Tiles/EndScene/TX Village Props_0.asset using Guid(8fe103dfc15aeeb4f9bdd0c038f20fec) Importer(815301076,1909f56bfc062723c751e8b465ee728b) [PhysX] Initialized MultithreadedTaskDispatcher with 12 workers.
 -> (artifact id: 'bec7a8375c431319633798aa9386b0f5') in 0.010286 seconds
Number of updated asset objects reloaded before import = 0
Number of asset objects unloaded after import = 3
========================================================================
Received Import Request.
  Time since last request: 0.000027 seconds.
  path: Assets/Tiles/EndScene/TX Village Props_29.asset
  artifactKey: Guid(554baebce32bc8947b4c328407a6f770) Importer(815301076,1909f56bfc062723c751e8b465ee728b)
Start importing Assets/Tiles/EndScene/TX Village Props_29.asset using Guid(554baebce32bc8947b4c328407a6f770) Importer(815301076,1909f56bfc062723c751e8b465ee728b) [PhysX] Initialized MultithreadedTaskDispatcher with 12 workers.
 -> (artifact id: '71ca861ab27692447406a22757ca43c3') in 0.010626 seconds
Number of updated asset objects reloaded before import = 0
Number of asset objects unloaded after import = 3
========================================================================
Received Import Request.
  Time since last request: 0.000043 seconds.
  path: Assets/Tiles/EndScene/TX Village Props_13.asset
  artifactKey: Guid(07e8d3eac70b98a41856ff5a405df6b0) Importer(815301076,1909f56bfc062723c751e8b465ee728b)
Start importing Assets/Tiles/EndScene/TX Village Props_13.asset using Guid(07e8d3eac70b98a41856ff5a405df6b0) Importer(815301076,1909f56bfc062723c751e8b465ee728b) [PhysX] Initialized MultithreadedTaskDispatcher with 12 workers.
 -> (artifact id: '07b7ccf56829451984dabff95c08bb93') in 0.015480 seconds
Number of updated asset objects reloaded before import = 0
Number of asset objects unloaded after import = 3
========================================================================
Received Import Request.
  Time since last request: 0.000027 seconds.
  path: Assets/Tiles/EndScene/TX Village Props_21.asset
  artifactKey: Guid(95eddce43c10f42498db788051df8420) Importer(815301076,1909f56bfc062723c751e8b465ee728b)
Start importing Assets/Tiles/EndScene/TX Village Props_21.asset using Guid(95eddce43c10f42498db788051df8420) Importer(815301076,1909f56bfc062723c751e8b465ee728b) [PhysX] Initialized MultithreadedTaskDispatcher with 12 workers.
 -> (artifact id: '10b729406a9a416ab19d5024d8558170') in 0.010546 seconds
Number of updated asset objects reloaded before import = 0
Number of asset objects unloaded after import = 3
========================================================================
Received Import Request.
  Time since last request: 0.000027 seconds.
  path: Assets/Tiles/EndScene/TX Village Props_18.asset
  artifactKey: Guid(c061a65e5ada08640b642493aaf886ac) Importer(815301076,1909f56bfc062723c751e8b465ee728b)
Start importing Assets/Tiles/EndScene/TX Village Props_18.asset using Guid(c061a65e5ada08640b642493aaf886ac) Importer(815301076,1909f56bfc062723c751e8b465ee728b) [PhysX] Initialized MultithreadedTaskDispatcher with 12 workers.
 -> (artifact id: '36b979d444212279db79c534a90bd089') in 0.016516 seconds
Number of updated asset objects reloaded before import = 0
Number of asset objects unloaded after import = 3
========================================================================
Received Import Request.
  Time since last request: 0.000069 seconds.
  path: Assets/Tiles/EndScene/TX Village Props_11.asset
  artifactKey: Guid(7f6f5f20f93aafe4a941e41118114e02) Importer(815301076,1909f56bfc062723c751e8b465ee728b)
Start importing Assets/Tiles/EndScene/TX Village Props_11.asset using Guid(7f6f5f20f93aafe4a941e41118114e02) Importer(815301076,1909f56bfc062723c751e8b465ee728b) [PhysX] Initialized MultithreadedTaskDispatcher with 12 workers.
 -> (artifact id: '241cbd69cd0bf868cb85ae51ed4e4911') in 0.009518 seconds
Number of updated asset objects reloaded before import = 0
Number of asset objects unloaded after import = 3
========================================================================
Received Import Request.
  Time since last request: 0.000027 seconds.
  path: Assets/Tiles/EndScene/TX Village Props_22.asset
  artifactKey: Guid(1b9dd7a19fb27de4ea2cbcffffbfb68c) Importer(815301076,1909f56bfc062723c751e8b465ee728b)
Start importing Assets/Tiles/EndScene/TX Village Props_22.asset using Guid(1b9dd7a19fb27de4ea2cbcffffbfb68c) Importer(815301076,1909f56bfc062723c751e8b465ee728b) [PhysX] Initialized MultithreadedTaskDispatcher with 12 workers.
 -> (artifact id: '41cb5d8a09cd7834a38bc49539002b38') in 0.011047 seconds
Number of updated asset objects reloaded before import = 0
Number of asset objects unloaded after import = 3
========================================================================
Received Import Request.
  Time since last request: 0.000040 seconds.
  path: Assets/Tiles/EndScene/TX Village Props_24.asset
  artifactKey: Guid(adb738b08c5b3af46b85abfa5719a8ea) Importer(815301076,1909f56bfc062723c751e8b465ee728b)
Start importing Assets/Tiles/EndScene/TX Village Props_24.asset using Guid(adb738b08c5b3af46b85abfa5719a8ea) Importer(815301076,1909f56bfc062723c751e8b465ee728b) [PhysX] Initialized MultithreadedTaskDispatcher with 12 workers.
 -> (artifact id: 'db48a6cb7fdc02476e3add6aa2463ab9') in 0.021329 seconds
Number of updated asset objects reloaded before import = 0
Number of asset objects unloaded after import = 3
========================================================================
Received Import Request.
  Time since last request: 0.000531 seconds.
  path: Assets/Tiles/EndScene/TX Village Props_16.asset
  artifactKey: Guid(8c02eaef1c6732c40b542236ab4576e1) Importer(815301076,1909f56bfc062723c751e8b465ee728b)
Start importing Assets/Tiles/EndScene/TX Village Props_16.asset using Guid(8c02eaef1c6732c40b542236ab4576e1) Importer(815301076,1909f56bfc062723c751e8b465ee728b) [PhysX] Initialized MultithreadedTaskDispatcher with 12 workers.
 -> (artifact id: 'c502df2d1d9540737bc37a6b74915e56') in 0.009426 seconds
Number of updated asset objects reloaded before import = 0
Number of asset objects unloaded after import = 3
========================================================================
Received Import Request.
  Time since last request: 0.000028 seconds.
  path: Assets/Tiles/EndScene/TX Village Props_6.asset
  artifactKey: Guid(d784e005db6b8a746aa4c06167399942) Importer(815301076,1909f56bfc062723c751e8b465ee728b)
Start importing Assets/Tiles/EndScene/TX Village Props_6.asset using Guid(d784e005db6b8a746aa4c06167399942) Importer(815301076,1909f56bfc062723c751e8b465ee728b) [PhysX] Initialized MultithreadedTaskDispatcher with 12 workers.
 -> (artifact id: 'adac8979651b7d427e7defc428ad02df') in 0.007993 seconds
Number of updated asset objects reloaded before import = 0
Number of asset objects unloaded after import = 3
========================================================================
Received Import Request.
  Time since last request: 0.000039 seconds.
  path: Assets/Tiles/EndScene/TX Village Props_12.asset
  artifactKey: Guid(92fe90c6efda4934a9cd7ad99ba2e460) Importer(815301076,1909f56bfc062723c751e8b465ee728b)
Start importing Assets/Tiles/EndScene/TX Village Props_12.asset using Guid(92fe90c6efda4934a9cd7ad99ba2e460) Importer(815301076,1909f56bfc062723c751e8b465ee728b) [PhysX] Initialized MultithreadedTaskDispatcher with 12 workers.
 -> (artifact id: 'b7dce589b249862a0b9dc3fb55dc30dc') in 0.008016 seconds
Number of updated asset objects reloaded before import = 0
Number of asset objects unloaded after import = 3
========================================================================
Received Import Request.
  Time since last request: 0.000030 seconds.
  path: Assets/Tiles/EndScene/TX Village Props_3.asset
  artifactKey: Guid(5dee75b6e2900334a87aff41eb55286b) Importer(815301076,1909f56bfc062723c751e8b465ee728b)
Start importing Assets/Tiles/EndScene/TX Village Props_3.asset using Guid(5dee75b6e2900334a87aff41eb55286b) Importer(815301076,1909f56bfc062723c751e8b465ee728b) [PhysX] Initialized MultithreadedTaskDispatcher with 12 workers.
 -> (artifact id: 'ec0bff68a49d37a2ab46b8e890a7a965') in 0.007140 seconds
Number of updated asset objects reloaded before import = 0
Number of asset objects unloaded after import = 3
========================================================================
Received Import Request.
  Time since last request: 0.000034 seconds.
  path: Assets/Tiles/EndScene/TX Village Props_20.asset
  artifactKey: Guid(ea418ac8d0fd4024fa0d963daecf034f) Importer(815301076,1909f56bfc062723c751e8b465ee728b)
Start importing Assets/Tiles/EndScene/TX Village Props_20.asset using Guid(ea418ac8d0fd4024fa0d963daecf034f) Importer(815301076,1909f56bfc062723c751e8b465ee728b) [PhysX] Initialized MultithreadedTaskDispatcher with 12 workers.
 -> (artifact id: 'c55f51fb056bc1c54560e5c2fe2f2ece') in 0.008263 seconds
Number of updated asset objects reloaded before import = 0
Number of asset objects unloaded after import = 3
========================================================================
Received Import Request.
  Time since last request: 0.000027 seconds.
  path: Assets/Tiles/EndScene/TX Village Props_7.asset
  artifactKey: Guid(e5471fa250f31c547aa53d175d9ce0d3) Importer(815301076,1909f56bfc062723c751e8b465ee728b)
Start importing Assets/Tiles/EndScene/TX Village Props_7.asset using Guid(e5471fa250f31c547aa53d175d9ce0d3) Importer(815301076,1909f56bfc062723c751e8b465ee728b) [PhysX] Initialized MultithreadedTaskDispatcher with 12 workers.
 -> (artifact id: 'e75f4c68d5d6135280dfae37c81b0ebd') in 0.009666 seconds
Number of updated asset objects reloaded before import = 0
Number of asset objects unloaded after import = 3
========================================================================
Received Import Request.
  Time since last request: 0.000030 seconds.
  path: Assets/Tiles/EndScene/TX Village Props_10.asset
  artifactKey: Guid(5cbe3538c7e5bef4c9f359024dd5ba4a) Importer(815301076,1909f56bfc062723c751e8b465ee728b)
Start importing Assets/Tiles/EndScene/TX Village Props_10.asset using Guid(5cbe3538c7e5bef4c9f359024dd5ba4a) Importer(815301076,1909f56bfc062723c751e8b465ee728b) [PhysX] Initialized MultithreadedTaskDispatcher with 12 workers.
 -> (artifact id: '164eabd5b3ca68f0a1aaa19a111f45ac') in 0.008314 seconds
Number of updated asset objects reloaded before import = 0
Number of asset objects unloaded after import = 3
Editor requested this worker to shutdown with reason: Scaling down because of idle timeout
TcpMessagingSession - receive error: operation aborted. errorcode: 995, details:  /   -       .
AssetImportWorker is now disconnected from the server
Process exiting
Exiting without the bug reporter. Application will terminate with return code 0